{"numTotalTestSuites":61,"numPassedTestSuites":61,"numFailedTestSuites":0,"numPendingTestSuites":0,"numTotalTests":274,"numPassedTests":274,"numFailedTests":0,"numPendingTests":0,"numTodoTests":0,"snapshot":{"added":0,"failure":false,"filesAdded":0,"filesRemoved":0,"filesRemovedList":[],"filesUnmatched":0,"filesUpdated":0,"matched":0,"total":0,"unchecked":0,"uncheckedKeysByFile":[],"unmatched":0,"updated":0,"didUpdate":false},"startTime":1774342591157,"success":true,"testResults":[{"assertionResults":[{"ancestorTitles":["App Component Routing"],"fullName":"App Component Routing should render legal route /consents without runtime errors","status":"passed","title":"should render legal route /consents without runtime errors","duration":784.8532479999994,"failureMessages":[],"meta":{}},{"ancestorTitles":["App Component Routing"],"fullName":"App Component Routing should render legal route /contact without runtime errors","status":"passed","title":"should render legal route /contact without runtime errors","duration":273.8909670000003,"failureMessages":[],"meta":{}},{"ancestorTitles":["App Component Routing"],"fullName":"App Component Routing should render legal route /cookies without runtime errors","status":"passed","title":"should render legal route /cookies without runtime errors","duration":162.80931200000032,"failureMessages":[],"meta":{}},{"ancestorTitles":["App Component Routing"],"fullName":"App Component Routing should render legal route /privacy without runtime errors","status":"passed","title":"should render legal route /privacy without runtime errors","duration":114.0451579999999,"failureMessages":[],"meta":{}},{"ancestorTitles":["App Component Routing"],"fullName":"App Component Routing should render legal route /returns without runtime errors","status":"passed","title":"should render legal route /returns without runtime errors","duration":113.48997400000007,"failureMessages":[],"meta":{}},{"ancestorTitles":["App Component Routing"],"fullName":"App Component Routing should render legal route /security without runtime errors","status":"passed","title":"should render legal route /security without runtime errors","duration":143.79213299999992,"failureMessages":[],"meta":{}},{"ancestorTitles":["App Component Routing"],"fullName":"App Component Routing should render legal route /shipping without runtime errors","status":"passed","title":"should render legal route /shipping without runtime errors","duration":153.01366099999996,"failureMessages":[],"meta":{}},{"ancestorTitles":["App Component Routing"],"fullName":"App Component Routing should render legal route /terms without runtime errors","status":"passed","title":"should render legal route /terms without runtime errors","duration":128.72259900000063,"failureMessages":[],"meta":{}},{"ancestorTitles":["App Component Routing"],"fullName":"App Component Routing should render upload entry page when route is /","status":"passed","title":"should render upload entry page when route is /","duration":107.03096800000003,"failureMessages":[],"meta":{}},{"ancestorTitles":["App Component Routing"],"fullName":"App Component Routing should render landing page when route is /how-it-works","status":"passed","title":"should render landing page when route is /how-it-works","duration":222.43834400000014,"failureMessages":[],"meta":{}},{"ancestorTitles":["App Component Routing"],"fullName":"App Component Routing should render about page when route is /about","status":"passed","title":"should render about page when route is /about","duration":238.3813570000002,"failureMessages":[],"meta":{}},{"ancestorTitles":["App Component Routing"],"fullName":"App Component Routing should render legal page when route is /legal","status":"passed","title":"should render legal page when route is /legal","duration":226.5585659999997,"failureMessages":[],"meta":{}},{"ancestorTitles":["App Component Routing"],"fullName":"App Component Routing should render footer on all routes","status":"passed","title":"should render footer on all routes","duration":66.2422059999999,"failureMessages":[],"meta":{}},{"ancestorTitles":["App Component Routing"],"fullName":"App Component Routing should render header with logo link on all routes","status":"passed","title":"should render header with logo link on all routes","duration":108.79832199999964,"failureMessages":[],"meta":{}},{"ancestorTitles":["App Component Routing"],"fullName":"App Component Routing should render footer links on all pages","status":"passed","title":"should render footer links on all pages","duration":131.7265239999997,"failureMessages":[],"meta":{}},{"ancestorTitles":["App Component Routing"],"fullName":"App Component Routing should render payments action in header","status":"passed","title":"should render payments action in header","duration":130.98733600000014,"failureMessages":[],"meta":{}},{"ancestorTitles":["App Component Routing"],"fullName":"App Component Routing should render upload page when route is /upload","status":"passed","title":"should render upload page when route is /upload","duration":223.16220900000008,"failureMessages":[],"meta":{}},{"ancestorTitles":["App Component Routing"],"fullName":"App Component Routing should render upload button on /how-it-works page","status":"passed","title":"should render upload button on /how-it-works page","duration":149.06815199999983,"failureMessages":[],"meta":{}},{"ancestorTitles":["App Component Routing"],"fullName":"App Component Routing should not render upload button on about page","status":"passed","title":"should not render upload button on about page","duration":133.198171,"failureMessages":[],"meta":{}},{"ancestorTitles":["App Component Routing"],"fullName":"App Component Routing should not render upload button on legal page","status":"passed","title":"should not render upload button on legal page","duration":168.80276799999956,"failureMessages":[],"meta":{}},{"ancestorTitles":["App Component Routing"],"fullName":"App Component Routing should not render footer checkout CTA on non-upload routes","status":"passed","title":"should not render footer checkout CTA on non-upload routes","duration":79.64457799999946,"failureMessages":[],"meta":{}},{"ancestorTitles":["App Component Routing"],"fullName":"App Component Routing should show footer reset CTA on upload route only after selecting an image","status":"passed","title":"should show footer reset CTA on upload route only after selecting an image","duration":554.5854550000004,"failureMessages":[],"meta":{}},{"ancestorTitles":["App Component Routing"],"fullName":"App Component Routing should show footer checkout CTA on upload route after selecting an image","status":"passed","title":"should show footer checkout CTA on upload route after selecting an image","duration":394.37395299999844,"failureMessages":[],"meta":{}},{"ancestorTitles":["App Component Routing"],"fullName":"App Component Routing should send only checked uploaded slots to checkout","status":"passed","title":"should send only checked uploaded slots to checkout","duration":2042.2053969999997,"failureMessages":[],"meta":{}},{"ancestorTitles":["App Component Routing"],"fullName":"App Component Routing should render home navigation link on about page","status":"passed","title":"should render home navigation link on about page","duration":127.26803699999982,"failureMessages":[],"meta":{}},{"ancestorTitles":["App Component Routing"],"fullName":"App Component Routing should render home navigation link on legal page","status":"passed","title":"should render home navigation link on legal page","duration":102.8962649999994,"failureMessages":[],"meta":{}},{"ancestorTitles":["App Component Routing"],"fullName":"App Component Routing should have correct layout structure","status":"passed","title":"should have correct layout structure","duration":40.54189199999928,"failureMessages":[],"meta":{}}],"startTime":1774342595783,"endTime":1774342602906.542,"status":"passed","message":"","name":"/home/jpietrzyk/dev/front/tuus-imago/src/App.routing.test.tsx"},{"assertionResults":[{"ancestorTitles":["ContentDrawer"],"fullName":"ContentDrawer renders without crashing","status":"passed","title":"renders without crashing","duration":676.2577289999999,"failureMessages":[],"meta":{}},{"ancestorTitles":["ContentDrawer"],"fullName":"ContentDrawer renders with custom trigger button","status":"passed","title":"renders with custom trigger button","duration":19.249043999999685,"failureMessages":[],"meta":{}},{"ancestorTitles":["ContentDrawer"],"fullName":"ContentDrawer renders with controlled open state","status":"passed","title":"renders with controlled open state","duration":112.93581499999982,"failureMessages":[],"meta":{}},{"ancestorTitles":["ContentDrawer"],"fullName":"ContentDrawer displays custom title","status":"passed","title":"displays custom title","duration":93.93383600000016,"failureMessages":[],"meta":{}},{"ancestorTitles":["ContentDrawer"],"fullName":"ContentDrawer displays default title when not provided","status":"passed","title":"displays default title when not provided","duration":57.78559300000006,"failureMessages":[],"meta":{}},{"ancestorTitles":["ContentDrawer"],"fullName":"ContentDrawer renders children content","status":"passed","title":"renders children content","duration":59.342649000000165,"failureMessages":[],"meta":{}},{"ancestorTitles":["ContentDrawer"],"fullName":"ContentDrawer handles onOpenChange callback when trigger is clicked","status":"passed","title":"handles onOpenChange callback when trigger is clicked","duration":17.540507000000616,"failureMessages":[],"meta":{}},{"ancestorTitles":["ContentDrawer"],"fullName":"ContentDrawer renders close button","status":"passed","title":"renders close button","duration":58.419065999999475,"failureMessages":[],"meta":{}}],"startTime":1774342619575,"endTime":1774342620671.419,"status":"passed","message":"","name":"/home/jpietrzyk/dev/front/tuus-imago/src/components/content-drawer.test.tsx"},{"assertionResults":[{"ancestorTitles":["Footer Component"],"fullName":"Footer Component should render the footer with copyright text","status":"passed","title":"should render the footer with copyright text","duration":105.59142100000008,"failureMessages":[],"meta":{}},{"ancestorTitles":["Footer Component"],"fullName":"Footer Component should render legal CTA button","status":"passed","title":"should render legal CTA button","duration":314.70368899999994,"failureMessages":[],"meta":{}},{"ancestorTitles":["Footer Component"],"fullName":"Footer Component should call callback when legal CTA is clicked","status":"passed","title":"should call callback when legal CTA is clicked","duration":74.40668800000003,"failureMessages":[],"meta":{}},{"ancestorTitles":["Footer Component"],"fullName":"Footer Component should not render legacy about link in footer","status":"passed","title":"should not render legacy about link in footer","duration":9.051216000000295,"failureMessages":[],"meta":{}},{"ancestorTitles":["Footer Component"],"fullName":"Footer Component should not render legacy legal route link in footer","status":"passed","title":"should not render legacy legal route link in footer","duration":8.897138000000268,"failureMessages":[],"meta":{}},{"ancestorTitles":["Footer Component"],"fullName":"Footer Component should render scale icon in legal CTA button","status":"passed","title":"should render scale icon in legal CTA button","duration":95.80313400000023,"failureMessages":[],"meta":{}},{"ancestorTitles":["Footer Component"],"fullName":"Footer Component should have correct styling classes","status":"passed","title":"should have correct styling classes","duration":6.393301999999949,"failureMessages":[],"meta":{}},{"ancestorTitles":["Footer Component"],"fullName":"Footer Component should not render checkout CTA by default","status":"passed","title":"should not render checkout CTA by default","duration":30.28222199999982,"failureMessages":[],"meta":{}},{"ancestorTitles":["Footer Component"],"fullName":"Footer Component should render checkout CTA when enabled and call callback","status":"passed","title":"should render checkout CTA when enabled and call callback","duration":62.448423000000275,"failureMessages":[],"meta":{}},{"ancestorTitles":["Footer Component"],"fullName":"Footer Component should render order selection popover trigger when checkout is visible","status":"passed","title":"should render order selection popover trigger when checkout is visible","duration":105.1068949999999,"failureMessages":[],"meta":{}},{"ancestorTitles":["Footer Component"],"fullName":"Footer Component should allow toggling slot selection from order popover","status":"passed","title":"should allow toggling slot selection from order popover","duration":327.8170630000004,"failureMessages":[],"meta":{}},{"ancestorTitles":["Footer Component"],"fullName":"Footer Component should disable checkout CTA when disabled flag is set","status":"passed","title":"should disable checkout CTA when disabled flag is set","duration":38.26575700000012,"failureMessages":[],"meta":{}},{"ancestorTitles":["Footer Component"],"fullName":"Footer Component should not render reset CTA by default","status":"passed","title":"should not render reset CTA by default","duration":23.360711999999694,"failureMessages":[],"meta":{}},{"ancestorTitles":["Footer Component"],"fullName":"Footer Component should open confirmation dialog and confirm destructive reset","status":"passed","title":"should open confirmation dialog and confirm destructive reset","duration":182.69268999999986,"failureMessages":[],"meta":{}},{"ancestorTitles":["Footer Component"],"fullName":"Footer Component should close reset dialog without action on cancel","status":"passed","title":"should close reset dialog without action on cancel","duration":161.21241699999973,"failureMessages":[],"meta":{}},{"ancestorTitles":["Footer Component"],"fullName":"Footer Component should use three-column footer layout for centered checkout","status":"passed","title":"should use three-column footer layout for centered checkout","duration":19.14964299999974,"failureMessages":[],"meta":{}}],"startTime":1774342610558,"endTime":1774342612124.1497,"status":"passed","message":"","name":"/home/jpietrzyk/dev/front/tuus-imago/src/components/footer.test.tsx"},{"assertionResults":[{"ancestorTitles":["ImageUploader split effects regression"],"fullName":"ImageUploader split effects regression keeps the applied effects on the newly active split slot","status":"passed","title":"keeps the applied effects on the newly active split slot","duration":467.41878099999985,"failureMessages":[],"meta":{}}],"startTime":1774342623013,"endTime":1774342623480.4187,"status":"passed","message":"","name":"/home/jpietrzyk/dev/front/tuus-imago/src/components/image-uploader.split-effects-regression.test.tsx"},{"assertionResults":[{"ancestorTitles":["ImageUploader"],"fullName":"ImageUploader splits active image into three slots after confirmation","status":"passed","title":"splits active image into three slots after confirmation","duration":1131.66111,"failureMessages":[],"meta":{}},{"ancestorTitles":["ImageUploader"],"fullName":"ImageUploader asks for confirmation before splitting when other slots are already used","status":"passed","title":"asks for confirmation before splitting when other slots are already used","duration":620.3953750000001,"failureMessages":[],"meta":{}},{"ancestorTitles":["ImageUploader"],"fullName":"ImageUploader renders upload area when no file is selected","status":"passed","title":"renders upload area when no file is selected","duration":13.454132999999274,"failureMessages":[],"meta":{}},{"ancestorTitles":["ImageUploader"],"fullName":"ImageUploader shows selected image preview and hides editing controls","status":"passed","title":"shows selected image preview and hides editing controls","duration":147.67370800000026,"failureMessages":[],"meta":{}},{"ancestorTitles":["ImageUploader"],"fullName":"ImageUploader reads and displays selected image proportions","status":"passed","title":"reads and displays selected image proportions","duration":101.112435,"failureMessages":[],"meta":{}},{"ancestorTitles":["ImageUploader"],"fullName":"ImageUploader calls onImageMetadataChange with proportions and null after cancel","status":"passed","title":"calls onImageMetadataChange with proportions and null after cancel","duration":111.48556300000018,"failureMessages":[],"meta":{}},{"ancestorTitles":["ImageUploader"],"fullName":"ImageUploader shows proportions dropdown with vertical, horizontal and rectangle options","status":"passed","title":"shows proportions dropdown with vertical, horizontal and rectangle options","duration":401.751029,"failureMessages":[],"meta":{}},{"ancestorTitles":["ImageUploader"],"fullName":"ImageUploader changes displayed image proportion when dropdown option is selected","status":"passed","title":"changes displayed image proportion when dropdown option is selected","duration":628.0165969999998,"failureMessages":[],"meta":{}},{"ancestorTitles":["ImageUploader"],"fullName":"ImageUploader defaults to the optimal proportion based on image coverage","status":"passed","title":"defaults to the optimal proportion based on image coverage","duration":99.58089699999982,"failureMessages":[],"meta":{}},{"ancestorTitles":["ImageUploader"],"fullName":"ImageUploader shows side slider frames around preview after first image selection","status":"passed","title":"shows side slider frames around preview after first image selection","duration":69.67015899999933,"failureMessages":[],"meta":{}},{"ancestorTitles":["ImageUploader"],"fullName":"ImageUploader adds second image to the clicked right slot","status":"passed","title":"adds second image to the clicked right slot","duration":111.27919500000007,"failureMessages":[],"meta":{}},{"ancestorTitles":["ImageUploader"],"fullName":"ImageUploader adds second image to the clicked left slot","status":"passed","title":"adds second image to the clicked left slot","duration":128.82077900000058,"failureMessages":[],"meta":{}},{"ancestorTitles":["ImageUploader"],"fullName":"ImageUploader keeps previous preview URL valid when adding another image","status":"passed","title":"keeps previous preview URL valid when adding another image","duration":147.4569390000006,"failureMessages":[],"meta":{}},{"ancestorTitles":["ImageUploader"],"fullName":"ImageUploader shows non-active selected preview at main size clipped by side slot","status":"passed","title":"shows non-active selected preview at main size clipped by side slot","duration":727.1203970000006,"failureMessages":[],"meta":{}},{"ancestorTitles":["ImageUploader"],"fullName":"ImageUploader removes the active image and returns to upload area when it was the only one","status":"passed","title":"removes the active image and returns to upload area when it was the only one","duration":78.0032769999998,"failureMessages":[],"meta":{}},{"ancestorTitles":["ImageUploader"],"fullName":"ImageUploader removes current active image and keeps remaining image in its slot","status":"passed","title":"removes current active image and keeps remaining image in its slot","duration":237.60815399999956,"failureMessages":[],"meta":{}},{"ancestorTitles":["ImageUploader"],"fullName":"ImageUploader keeps side slots populated after center removal","status":"passed","title":"keeps side slots populated after center removal","duration":172.37890700000025,"failureMessages":[],"meta":{}},{"ancestorTitles":["ImageUploader"],"fullName":"ImageUploader applies swipe threshold before changing active slot","status":"passed","title":"applies swipe threshold before changing active slot","duration":165.11995900000147,"failureMessages":[],"meta":{}},{"ancestorTitles":["ImageUploader"],"fullName":"ImageUploader initializes new images with neutral previewEffects (brightness: 0, contrast: 0)","status":"passed","title":"initializes new images with neutral previewEffects (brightness: 0, contrast: 0)","duration":131.8299189999998,"failureMessages":[],"meta":{}},{"ancestorTitles":["ImageUploader"],"fullName":"ImageUploader persists per-slot effects independently when switching between slots","status":"passed","title":"persists per-slot effects independently when switching between slots","duration":101.34932800000024,"failureMessages":[],"meta":{}},{"ancestorTitles":["ImageUploader"],"fullName":"ImageUploader splits image and keeps split previews visible","status":"passed","title":"splits image and keeps split previews visible","duration":176.84285399999862,"failureMessages":[],"meta":{}},{"ancestorTitles":["ImageUploader"],"fullName":"ImageUploader allows updating effects on active slot independently","status":"passed","title":"allows updating effects on active slot independently","duration":207.08430299999964,"failureMessages":[],"meta":{}},{"ancestorTitles":["ImageUploader"],"fullName":"ImageUploader forces fresh uploads after split by invalidating previous uploaded cache","status":"passed","title":"forces fresh uploads after split by invalidating previous uploaded cache","duration":499.55560200000036,"failureMessages":[],"meta":{}},{"ancestorTitles":["ImageUploader"],"fullName":"ImageUploader reuses cached uploaded asset for unchanged slot and uploads fresh for new slot during checkout","status":"passed","title":"reuses cached uploaded asset for unchanged slot and uploads fresh for new slot during checkout","duration":407.66036499999973,"failureMessages":[],"meta":{}}],"startTime":1774342595248,"endTime":1774342601871.6604,"status":"passed","message":"","name":"/home/jpietrzyk/dev/front/tuus-imago/src/components/image-uploader.test.tsx"},{"assertionResults":[{"ancestorTitles":["LegalNavigationSheet"],"fullName":"LegalNavigationSheet renders title and subtitle when open","status":"passed","title":"renders title and subtitle when open","duration":736.7884220000001,"failureMessages":[],"meta":{}},{"ancestorTitles":["LegalNavigationSheet"],"fullName":"LegalNavigationSheet does not render content when closed","status":"passed","title":"does not render content when closed","duration":11.95988699999998,"failureMessages":[],"meta":{}},{"ancestorTitles":["LegalNavigationSheet"],"fullName":"LegalNavigationSheet renders all legal section links","status":"passed","title":"renders all legal section links","duration":748.7097840000001,"failureMessages":[],"meta":{}},{"ancestorTitles":["LegalNavigationSheet"],"fullName":"LegalNavigationSheet renders all company section links","status":"passed","title":"renders all company section links","duration":374.5443409999998,"failureMessages":[],"meta":{}},{"ancestorTitles":["LegalNavigationSheet"],"fullName":"LegalNavigationSheet renders payment section with coming soon items","status":"passed","title":"renders payment section with coming soon items","duration":117.11332800000037,"failureMessages":[],"meta":{}},{"ancestorTitles":["LegalNavigationSheet"],"fullName":"LegalNavigationSheet renders section navigation buttons","status":"passed","title":"renders section navigation buttons","duration":366.46719200000007,"failureMessages":[],"meta":{}},{"ancestorTitles":["LegalNavigationSheet"],"fullName":"LegalNavigationSheet calls onOpenChange(false) when close button is clicked","status":"passed","title":"calls onOpenChange(false) when close button is clicked","duration":211.42555700000048,"failureMessages":[],"meta":{}},{"ancestorTitles":["LegalNavigationSheet"],"fullName":"LegalNavigationSheet calls onOpenChange(false) when a legal link is clicked","status":"passed","title":"calls onOpenChange(false) when a legal link is clicked","duration":354.41823400000067,"failureMessages":[],"meta":{}},{"ancestorTitles":["LegalNavigationSheet"],"fullName":"LegalNavigationSheet calls onOpenChange(false) when a company link is clicked","status":"passed","title":"calls onOpenChange(false) when a company link is clicked","duration":497.98201699999936,"failureMessages":[],"meta":{}},{"ancestorTitles":["LegalNavigationSheet"],"fullName":"LegalNavigationSheet legal nav button has secondary variant when activeSection is legal","status":"passed","title":"legal nav button has secondary variant when activeSection is legal","duration":106.32149800000025,"failureMessages":[],"meta":{}},{"ancestorTitles":["LegalNavigationSheet"],"fullName":"LegalNavigationSheet payments nav button has secondary variant when activeSection is payments","status":"passed","title":"payments nav button has secondary variant when activeSection is payments","duration":103.72389500000008,"failureMessages":[],"meta":{}},{"ancestorTitles":["LegalNavigationSheet"],"fullName":"LegalNavigationSheet renders the payment intro text","status":"passed","title":"renders the payment intro text","duration":71.59847300000001,"failureMessages":[],"meta":{}},{"ancestorTitles":["LegalNavigationSheet"],"fullName":"LegalNavigationSheet legal links point to correct routes","status":"passed","title":"legal links point to correct routes","duration":262.5791419999996,"failureMessages":[],"meta":{}},{"ancestorTitles":["LegalNavigationSheet"],"fullName":"LegalNavigationSheet company links point to correct routes","status":"passed","title":"company links point to correct routes","duration":255.226627,"failureMessages":[],"meta":{}}],"startTime":1774342604954,"endTime":1774342609174.2266,"status":"passed","message":"","name":"/home/jpietrzyk/dev/front/tuus-imago/src/components/legal-navigation-sheet.test.tsx"},{"assertionResults":[{"ancestorTitles":["ProcessTimeline Component"],"fullName":"ProcessTimeline Component should render the component","status":"passed","title":"should render the component","duration":80.33788700000014,"failureMessages":[],"meta":{}},{"ancestorTitles":["ProcessTimeline Component"],"fullName":"ProcessTimeline Component should render the process timeline heading","status":"passed","title":"should render the process timeline heading","duration":52.22869599999967,"failureMessages":[],"meta":{}},{"ancestorTitles":["ProcessTimeline Component"],"fullName":"ProcessTimeline Component should render all 4 step titles","status":"passed","title":"should render all 4 step titles","duration":26.83884900000021,"failureMessages":[],"meta":{}},{"ancestorTitles":["ProcessTimeline Component"],"fullName":"ProcessTimeline Component should render all 4 step descriptions","status":"passed","title":"should render all 4 step descriptions","duration":39.8615090000003,"failureMessages":[],"meta":{}},{"ancestorTitles":["ProcessTimeline Component"],"fullName":"ProcessTimeline Component should render 4 icon circles","status":"passed","title":"should render 4 icon circles","duration":54.773711999999705,"failureMessages":[],"meta":{}},{"ancestorTitles":["ProcessTimeline Component"],"fullName":"ProcessTimeline Component should render 3 arrows on mobile (between steps)","status":"passed","title":"should render 3 arrows on mobile (between steps)","duration":29.250844000000143,"failureMessages":[],"meta":{}},{"ancestorTitles":["ProcessTimeline Component"],"fullName":"ProcessTimeline Component should have correct styling on main container","status":"passed","title":"should have correct styling on main container","duration":20.778226999999788,"failureMessages":[],"meta":{}},{"ancestorTitles":["ProcessTimeline Component"],"fullName":"ProcessTimeline Component should have correct max-width on inner container","status":"passed","title":"should have correct max-width on inner container","duration":20.399745000000166,"failureMessages":[],"meta":{}},{"ancestorTitles":["ProcessTimeline Component"],"fullName":"ProcessTimeline Component should have dark color on heading","status":"passed","title":"should have dark color on heading","duration":15.167998000000352,"failureMessages":[],"meta":{}},{"ancestorTitles":["ProcessTimeline Component"],"fullName":"ProcessTimeline Component should have gradient background on timeline line (desktop)","status":"passed","title":"should have gradient background on timeline line (desktop)","duration":24.97263699999985,"failureMessages":[],"meta":{}},{"ancestorTitles":["ProcessTimeline Component"],"fullName":"ProcessTimeline Component should have 4 step items in the grid","status":"passed","title":"should have 4 step items in the grid","duration":30.614481999999953,"failureMessages":[],"meta":{}},{"ancestorTitles":["ProcessTimeline Component"],"fullName":"ProcessTimeline Component should have correct grid layout","status":"passed","title":"should have correct grid layout","duration":21.26030000000037,"failureMessages":[],"meta":{}}],"startTime":1774342623090,"endTime":1774342623507.2603,"status":"passed","message":"","name":"/home/jpietrzyk/dev/front/tuus-imago/src/components/process-timeline.test.tsx"},{"assertionResults":[{"ancestorTitles":["AboutPage Component"],"fullName":"AboutPage Component should render the about page title","status":"passed","title":"should render the about page title","duration":497.7273170000003,"failureMessages":[],"meta":{}},{"ancestorTitles":["AboutPage Component"],"fullName":"AboutPage Component should render the page description","status":"passed","title":"should render the page description","duration":52.27017399999977,"failureMessages":[],"meta":{}},{"ancestorTitles":["AboutPage Component"],"fullName":"AboutPage Component should render the home navigation link","status":"passed","title":"should render the home navigation link","duration":108.97886999999992,"failureMessages":[],"meta":{}},{"ancestorTitles":["AboutPage Component"],"fullName":"AboutPage Component should render the mission section","status":"passed","title":"should render the mission section","duration":179.19368499999973,"failureMessages":[],"meta":{}},{"ancestorTitles":["AboutPage Component"],"fullName":"AboutPage Component should render the story section","status":"passed","title":"should render the story section","duration":136.23969400000033,"failureMessages":[],"meta":{}},{"ancestorTitles":["AboutPage Component"],"fullName":"AboutPage Component should render the what-we-do section","status":"passed","title":"should render the what-we-do section","duration":143.85731699999997,"failureMessages":[],"meta":{}},{"ancestorTitles":["AboutPage Component"],"fullName":"AboutPage Component should render the values section","status":"passed","title":"should render the values section","duration":107.612165,"failureMessages":[],"meta":{}},{"ancestorTitles":["AboutPage Component"],"fullName":"AboutPage Component should render the contact section","status":"passed","title":"should render the contact section","duration":116.38706200000024,"failureMessages":[],"meta":{}},{"ancestorTitles":["AboutPage Component"],"fullName":"AboutPage Component should render the contact email","status":"passed","title":"should render the contact email","duration":100.101087,"failureMessages":[],"meta":{}},{"ancestorTitles":["AboutPage Component"],"fullName":"AboutPage Component should render the contact phone number","status":"passed","title":"should render the contact phone number","duration":34.49015200000031,"failureMessages":[],"meta":{}},{"ancestorTitles":["AboutPage Component"],"fullName":"AboutPage Component should render the contact address","status":"passed","title":"should render the contact address","duration":40.06446899999992,"failureMessages":[],"meta":{}},{"ancestorTitles":["AboutPage Component"],"fullName":"AboutPage Component should render all value cards","status":"passed","title":"should render all value cards","duration":173.47470499999963,"failureMessages":[],"meta":{}},{"ancestorTitles":["AboutPage Component"],"fullName":"AboutPage Component should render all service cards","status":"passed","title":"should render all service cards","duration":147.82930900000065,"failureMessages":[],"meta":{}}],"startTime":1774342611931,"endTime":1774342613770.8293,"status":"passed","message":"","name":"/home/jpietrzyk/dev/front/tuus-imago/src/pages/about.test.tsx"},{"assertionResults":[{"ancestorTitles":["CheckoutPage"],"fullName":"CheckoutPage renders checkout page","status":"passed","title":"renders checkout page","duration":504.99088699999993,"failureMessages":[],"meta":{}},{"ancestorTitles":["CheckoutPage"],"fullName":"CheckoutPage renders back to upload link","status":"passed","title":"renders back to upload link","duration":670.4652910000004,"failureMessages":[],"meta":{}},{"ancestorTitles":["CheckoutPage"],"fullName":"CheckoutPage renders personal information section","status":"passed","title":"renders personal information section","duration":276.0665509999999,"failureMessages":[],"meta":{}},{"ancestorTitles":["CheckoutPage"],"fullName":"CheckoutPage renders full name input field","status":"passed","title":"renders full name input field","duration":276.8252629999997,"failureMessages":[],"meta":{}},{"ancestorTitles":["CheckoutPage"],"fullName":"CheckoutPage renders email input field","status":"passed","title":"renders email input field","duration":258.61965599999985,"failureMessages":[],"meta":{}},{"ancestorTitles":["CheckoutPage"],"fullName":"CheckoutPage renders phone input field","status":"passed","title":"renders phone input field","duration":196.51927100000012,"failureMessages":[],"meta":{}},{"ancestorTitles":["CheckoutPage"],"fullName":"CheckoutPage renders address input field","status":"passed","title":"renders address input field","duration":196.53176600000006,"failureMessages":[],"meta":{}},{"ancestorTitles":["CheckoutPage"],"fullName":"CheckoutPage renders city input field","status":"passed","title":"renders city input field","duration":196.8746369999999,"failureMessages":[],"meta":{}},{"ancestorTitles":["CheckoutPage"],"fullName":"CheckoutPage renders postal code input field","status":"passed","title":"renders postal code input field","duration":184.43382699999984,"failureMessages":[],"meta":{}},{"ancestorTitles":["CheckoutPage"],"fullName":"CheckoutPage renders country select field","status":"passed","title":"renders country select field","duration":321.1269200000006,"failureMessages":[],"meta":{}},{"ancestorTitles":["CheckoutPage"],"fullName":"CheckoutPage renders country select with EU/EEA options","status":"passed","title":"renders country select with EU/EEA options","duration":284.310657,"failureMessages":[],"meta":{}},{"ancestorTitles":["CheckoutPage"],"fullName":"CheckoutPage renders address information section","status":"passed","title":"renders address information section","duration":142.67763999999988,"failureMessages":[],"meta":{}},{"ancestorTitles":["CheckoutPage"],"fullName":"CheckoutPage renders order summary section","status":"passed","title":"renders order summary section","duration":173.18673799999942,"failureMessages":[],"meta":{}},{"ancestorTitles":["CheckoutPage"],"fullName":"CheckoutPage renders total price","status":"passed","title":"renders total price","duration":205.20826399999987,"failureMessages":[],"meta":{}},{"ancestorTitles":["CheckoutPage"],"fullName":"CheckoutPage renders place order button","status":"passed","title":"renders place order button","duration":225.16592800000035,"failureMessages":[],"meta":{}},{"ancestorTitles":["CheckoutPage"],"fullName":"CheckoutPage disables submit button when form is invalid","status":"passed","title":"disables submit button when form is invalid","duration":189.8228369999997,"failureMessages":[],"meta":{}},{"ancestorTitles":["CheckoutPage"],"fullName":"CheckoutPage enables submit button when all required fields are filled","status":"passed","title":"enables submit button when all required fields are filled","duration":3850.0155410000007,"failureMessages":[],"meta":{}},{"ancestorTitles":["CheckoutPage"],"fullName":"CheckoutPage shows inline error on blur for empty required name field","status":"passed","title":"shows inline error on blur for empty required name field","duration":292.53654800000004,"failureMessages":[],"meta":{}},{"ancestorTitles":["CheckoutPage"],"fullName":"CheckoutPage shows inline error on blur for empty email field","status":"passed","title":"shows inline error on blur for empty email field","duration":281.5495519999986,"failureMessages":[],"meta":{}},{"ancestorTitles":["CheckoutPage"],"fullName":"CheckoutPage shows inline error on blur for invalid email format","status":"passed","title":"shows inline error on blur for invalid email format","duration":881.9900540000017,"failureMessages":[],"meta":{}},{"ancestorTitles":["CheckoutPage"],"fullName":"CheckoutPage shows all required field errors simultaneously on empty submit","status":"passed","title":"shows all required field errors simultaneously on empty submit","duration":214.3723090000003,"failureMessages":[],"meta":{}},{"ancestorTitles":["CheckoutPage"],"fullName":"CheckoutPage shows required field indicator for name","status":"passed","title":"shows required field indicator for name","duration":151.0307359999988,"failureMessages":[],"meta":{}},{"ancestorTitles":["CheckoutPage"],"fullName":"CheckoutPage shows required field indicator for address","status":"passed","title":"shows required field indicator for address","duration":201.6711800000012,"failureMessages":[],"meta":{}},{"ancestorTitles":["CheckoutPage"],"fullName":"CheckoutPage disables inputs during submission","status":"passed","title":"disables inputs during submission","duration":195.25417000000016,"failureMessages":[],"meta":{}},{"ancestorTitles":["CheckoutPage"],"fullName":"CheckoutPage renders help text","status":"passed","title":"renders help text","duration":202.2985289999997,"failureMessages":[],"meta":{}},{"ancestorTitles":["CheckoutPage"],"fullName":"CheckoutPage shows success screen with order number after valid submission","status":"passed","title":"shows success screen with order number after valid submission","duration":1795.8614689999995,"failureMessages":[],"meta":{}},{"ancestorTitles":["CheckoutPage"],"fullName":"CheckoutPage shows continue shopping button on success screen","status":"passed","title":"shows continue shopping button on success screen","duration":1755.759829999999,"failureMessages":[],"meta":{}},{"ancestorTitles":["CheckoutPage"],"fullName":"CheckoutPage renders uploaded slot images in order summary when passed via location state","status":"passed","title":"renders uploaded slot images in order summary when passed via location state","duration":278.01853800000026,"failureMessages":[],"meta":{}},{"ancestorTitles":["CheckoutPage"],"fullName":"CheckoutPage renders static order summary when no slots passed via location state","status":"passed","title":"renders static order summary when no slots passed via location state","duration":132.91229699999894,"failureMessages":[],"meta":{}},{"ancestorTitles":["CheckoutPage"],"fullName":"CheckoutPage renders total based on uploaded slot count","status":"passed","title":"renders total based on uploaded slot count","duration":151.138551,"failureMessages":[],"meta":{}},{"ancestorTitles":["CheckoutPage"],"fullName":"CheckoutPage persists form data to sessionStorage on input change","status":"passed","title":"persists form data to sessionStorage on input change","duration":445.0961500000012,"failureMessages":[],"meta":{}},{"ancestorTitles":["CheckoutPage"],"fullName":"CheckoutPage restores form data from sessionStorage on mount","status":"passed","title":"restores form data from sessionStorage on mount","duration":140.0167760000004,"failureMessages":[],"meta":{}},{"ancestorTitles":["CheckoutPage"],"fullName":"CheckoutPage clears sessionStorage draft after successful order submission","status":"passed","title":"clears sessionStorage draft after successful order submission","duration":1667.7893390000027,"failureMessages":[],"meta":{}}],"startTime":1774342595112,"endTime":1774342612053.7893,"status":"passed","message":"","name":"/home/jpietrzyk/dev/front/tuus-imago/src/pages/checkout.test.tsx"},{"assertionResults":[{"ancestorTitles":["LegalPage Component"],"fullName":"LegalPage Component should render the legal page title","status":"passed","title":"should render the legal page title","duration":637.0778829999999,"failureMessages":[],"meta":{}},{"ancestorTitles":["LegalPage Component"],"fullName":"LegalPage Component should render the page description","status":"passed","title":"should render the page description","duration":43.94383999999991,"failureMessages":[],"meta":{}},{"ancestorTitles":["LegalPage Component"],"fullName":"LegalPage Component should render the home navigation link","status":"passed","title":"should render the home navigation link","duration":142.82645000000002,"failureMessages":[],"meta":{}},{"ancestorTitles":["LegalPage Component"],"fullName":"LegalPage Component should render the privacy policy section","status":"passed","title":"should render the privacy policy section","duration":205.05089899999984,"failureMessages":[],"meta":{}},{"ancestorTitles":["LegalPage Component"],"fullName":"LegalPage Component should render the terms of service section","status":"passed","title":"should render the terms of service section","duration":210.91940700000032,"failureMessages":[],"meta":{}},{"ancestorTitles":["LegalPage Component"],"fullName":"LegalPage Component should render the contact and support section","status":"passed","title":"should render the contact and support section","duration":133.1069180000004,"failureMessages":[],"meta":{}},{"ancestorTitles":["LegalPage Component"],"fullName":"LegalPage Component should render all privacy policy subsections","status":"passed","title":"should render all privacy policy subsections","duration":52.775055999999495,"failureMessages":[],"meta":{}},{"ancestorTitles":["LegalPage Component"],"fullName":"LegalPage Component should render all terms of service subsections","status":"passed","title":"should render all terms of service subsections","duration":32.12267100000008,"failureMessages":[],"meta":{}},{"ancestorTitles":["LegalPage Component"],"fullName":"LegalPage Component should render the support email","status":"passed","title":"should render the support email","duration":52.903949999999895,"failureMessages":[],"meta":{}},{"ancestorTitles":["LegalPage Component"],"fullName":"LegalPage Component should render the support phone number","status":"passed","title":"should render the support phone number","duration":23.794345999999678,"failureMessages":[],"meta":{}},{"ancestorTitles":["LegalPage Component"],"fullName":"LegalPage Component should render the support address","status":"passed","title":"should render the support address","duration":32.53871600000002,"failureMessages":[],"meta":{}},{"ancestorTitles":["LegalPage Component"],"fullName":"LegalPage Component should render the last updated text","status":"passed","title":"should render the last updated text","duration":29.220780999999988,"failureMessages":[],"meta":{}},{"ancestorTitles":["LegalPage Component"],"fullName":"LegalPage Component should render privacy policy description","status":"passed","title":"should render privacy policy description","duration":28.0045769999997,"failureMessages":[],"meta":{}},{"ancestorTitles":["LegalPage Component"],"fullName":"LegalPage Component should render terms of service description","status":"passed","title":"should render terms of service description","duration":22.84042099999988,"failureMessages":[],"meta":{}}],"startTime":1774342615237,"endTime":1774342616884.8403,"status":"passed","message":"","name":"/home/jpietrzyk/dev/front/tuus-imago/src/pages/legal.test.tsx"},{"assertionResults":[{"ancestorTitles":["UploadPage preview tabs"],"fullName":"UploadPage preview tabs shows 'Twój obraz' by default and switches to original image on 'Oryginał' tab","status":"passed","title":"shows 'Twój obraz' by default and switches to original image on 'Oryginał' tab","duration":699.7219889999997,"failureMessages":[],"meta":{}},{"ancestorTitles":["UploadPage preview tabs"],"fullName":"UploadPage preview tabs stops preview loading after timeout and shows fallback error","status":"passed","title":"stops preview loading after timeout and shows fallback error","duration":119.48930699999983,"failureMessages":[],"meta":{}},{"ancestorTitles":["UploadPage preview tabs"],"fullName":"UploadPage preview tabs does not advance preview progress while page is hidden","status":"passed","title":"does not advance preview progress while page is hidden","duration":231.26721999999972,"failureMessages":[],"meta":{}},{"ancestorTitles":["UploadPage preview tabs"],"fullName":"UploadPage preview tabs forwards image debug toggle state to ImageUploader","status":"passed","title":"forwards image debug toggle state to ImageUploader","duration":27.07765599999948,"failureMessages":[],"meta":{}},{"ancestorTitles":["UploadPage preview tabs"],"fullName":"UploadPage preview tabs renders uploaded slot links after footer-triggered batch upload action","status":"passed","title":"renders uploaded slot links after footer-triggered batch upload action","duration":170.9066730000004,"failureMessages":[],"meta":{}}],"startTime":1774342606144,"endTime":1774342607392.9067,"status":"passed","message":"","name":"/home/jpietrzyk/dev/front/tuus-imago/src/pages/upload.preview-tabs.test.tsx"},{"assertionResults":[{"ancestorTitles":["UploadPage Component"],"fullName":"UploadPage Component should render drag and drop area","status":"passed","title":"should render drag and drop area","duration":113.99025000000029,"failureMessages":[],"meta":{}},{"ancestorTitles":["UploadPage Component"],"fullName":"UploadPage Component should render camera button","status":"passed","title":"should render camera button","duration":17.13862199999994,"failureMessages":[],"meta":{}},{"ancestorTitles":["UploadPage Component"],"fullName":"UploadPage Component should display success message when upload succeeds","status":"passed","title":"should display success message when upload succeeds","duration":49.38023999999996,"failureMessages":[],"meta":{}},{"ancestorTitles":["UploadPage Component"],"fullName":"UploadPage Component should not display uploaded image initially","status":"passed","title":"should not display uploaded image initially","duration":18.534572000000026,"failureMessages":[],"meta":{}},{"ancestorTitles":["UploadPage Component"],"fullName":"UploadPage Component should display uploaded image when handleUploadSuccess is called","status":"passed","title":"should display uploaded image when handleUploadSuccess is called","duration":16.835692999999992,"failureMessages":[],"meta":{}},{"ancestorTitles":["UploadPage Component"],"fullName":"UploadPage Component should export ImageTransformations interface","status":"passed","title":"should export ImageTransformations interface","duration":1.3358100000000377,"failureMessages":[],"meta":{}},{"ancestorTitles":["UploadPage Component"],"fullName":"UploadPage Component should have proper structure for transformations display","status":"passed","title":"should have proper structure for transformations display","duration":13.84868299999971,"failureMessages":[],"meta":{}},{"ancestorTitles":["UploadPage Component","UploadPage Transformations Feature"],"fullName":"UploadPage Component UploadPage Transformations Feature should return original URL when transformations are null","status":"passed","title":"should return original URL when transformations are null","duration":3.8825299999998606,"failureMessages":[],"meta":{}},{"ancestorTitles":["UploadPage Component","UploadPage Transformations Feature"],"fullName":"UploadPage Component UploadPage Transformations Feature should apply crop when only custom coordinates are provided","status":"passed","title":"should apply crop when only custom coordinates are provided","duration":0.8839649999999892,"failureMessages":[],"meta":{}},{"ancestorTitles":["UploadPage Component","UploadPage Transformations Feature"],"fullName":"UploadPage Component UploadPage Transformations Feature should compose transformed Cloudinary preview URL with crop and effects","status":"passed","title":"should compose transformed Cloudinary preview URL with crop and effects","duration":0.4215750000003027,"failureMessages":[],"meta":{}},{"ancestorTitles":["UploadPage Component","UploadPage Transformations Feature"],"fullName":"UploadPage Component UploadPage Transformations Feature should compose transformed Cloudinary preview URL with multiple AI effects","status":"passed","title":"should compose transformed Cloudinary preview URL with multiple AI effects","duration":0.36126800000010917,"failureMessages":[],"meta":{}},{"ancestorTitles":["UploadPage Component","UploadPage Transformations Feature"],"fullName":"UploadPage Component UploadPage Transformations Feature should include configured AI template in transformed URL","status":"passed","title":"should include configured AI template in transformed URL","duration":0.26797999999962485,"failureMessages":[],"meta":{}},{"ancestorTitles":["UploadPage Component","UploadPage Transformations Feature"],"fullName":"UploadPage Component UploadPage Transformations Feature should compose transformed URL with auto-crop mode","status":"passed","title":"should compose transformed URL with auto-crop mode","duration":0.25383700000020326,"failureMessages":[],"meta":{}},{"ancestorTitles":["UploadPage Component","UploadPage Transformations Feature"],"fullName":"UploadPage Component UploadPage Transformations Feature should compose optimized Cloudinary thumbnail URL","status":"passed","title":"should compose optimized Cloudinary thumbnail URL","duration":2.349438000000191,"failureMessages":[],"meta":{}},{"ancestorTitles":["UploadPage Component","UploadPage Transformations Feature"],"fullName":"UploadPage Component UploadPage Transformations Feature should return original URL for non-Cloudinary thumbnail sources","status":"passed","title":"should return original URL for non-Cloudinary thumbnail sources","duration":0.3264720000001944,"failureMessages":[],"meta":{}},{"ancestorTitles":["UploadPage Component","UploadPage Transformations Feature"],"fullName":"UploadPage Component UploadPage Transformations Feature should handle transformations in handleUploadSuccess callback","status":"passed","title":"should handle transformations in handleUploadSuccess callback","duration":1.9794339999998556,"failureMessages":[],"meta":{}},{"ancestorTitles":["UploadPage Component","UploadPage Transformations Feature"],"fullName":"UploadPage Component UploadPage Transformations Feature should display all transformation properties in UI","status":"passed","title":"should display all transformation properties in UI","duration":0.6729830000003858,"failureMessages":[],"meta":{}}],"startTime":1774342626602,"endTime":1774342626845.673,"status":"passed","message":"","name":"/home/jpietrzyk/dev/front/tuus-imago/src/pages/upload.test.tsx"},{"assertionResults":[{"ancestorTitles":["image-proportion-calculator"],"fullName":"image-proportion-calculator calculates horizontal max-area centered crop","status":"passed","title":"calculates horizontal max-area centered crop","duration":3.638460000000123,"failureMessages":[],"meta":{}},{"ancestorTitles":["image-proportion-calculator"],"fullName":"image-proportion-calculator calculates vertical max-area centered crop","status":"passed","title":"calculates vertical max-area centered crop","duration":0.7238519999998516,"failureMessages":[],"meta":{}},{"ancestorTitles":["image-proportion-calculator"],"fullName":"image-proportion-calculator calculates square max-area centered crop","status":"passed","title":"calculates square max-area centered crop","duration":0.4776130000000194,"failureMessages":[],"meta":{}},{"ancestorTitles":["image-proportion-calculator"],"fullName":"image-proportion-calculator returns all options coverage in one call","status":"passed","title":"returns all options coverage in one call","duration":0.6252130000000307,"failureMessages":[],"meta":{}},{"ancestorTitles":["image-proportion-calculator"],"fullName":"image-proportion-calculator formats aspect ratios","status":"passed","title":"formats aspect ratios","duration":0.3334019999999782,"failureMessages":[],"meta":{}}],"startTime":1774342633979,"endTime":1774342633985.3335,"status":"passed","message":"","name":"/home/jpietrzyk/dev/front/tuus-imago/src/components/image-uploader/image-proportion-calculator.test.ts"},{"assertionResults":[{"ancestorTitles":["PaintingPreviewSlot"],"fullName":"PaintingPreviewSlot auto-selects optimal proportion for first-time horizontal default","status":"passed","title":"auto-selects optimal proportion for first-time horizontal default","duration":103.73886600000014,"failureMessages":[],"meta":{}},{"ancestorTitles":["PaintingPreviewSlot"],"fullName":"PaintingPreviewSlot keeps user selected proportion when metadata already exists","status":"passed","title":"keeps user selected proportion when metadata already exists","duration":32.54966800000011,"failureMessages":[],"meta":{}},{"ancestorTitles":["PaintingPreviewSlot"],"fullName":"PaintingPreviewSlot skips local canvas effects when cloud preview is enabled","status":"passed","title":"skips local canvas effects when cloud preview is enabled","duration":39.2885269999997,"failureMessages":[],"meta":{}},{"ancestorTitles":["PaintingPreviewSlot"],"fullName":"PaintingPreviewSlot does not emit metadata if effect is cleaned up before image load resolves","status":"passed","title":"does not emit metadata if effect is cleaned up before image load resolves","duration":13.52940099999978,"failureMessages":[],"meta":{}},{"ancestorTitles":["PaintingPreviewSlot"],"fullName":"PaintingPreviewSlot does not render clear or navigation controls inside painting slot","status":"passed","title":"does not render clear or navigation controls inside painting slot","duration":25.90072999999984,"failureMessages":[],"meta":{}},{"ancestorTitles":["PaintingPreviewSlot"],"fullName":"PaintingPreviewSlot renders placeholder when active center slot has no image","status":"passed","title":"renders placeholder when active center slot has no image","duration":10.670497999999952,"failureMessages":[],"meta":{}},{"ancestorTitles":["PaintingPreviewSlot"],"fullName":"PaintingPreviewSlot applies vertical fixed frame preset when vertical proportion is selected","status":"passed","title":"applies vertical fixed frame preset when vertical proportion is selected","duration":6.5788149999998495,"failureMessages":[],"meta":{}},{"ancestorTitles":["PaintingPreviewSlot"],"fullName":"PaintingPreviewSlot applies stable frame aspect class for 'horizontal' proportion","status":"passed","title":"applies stable frame aspect class for 'horizontal' proportion","duration":7.368608000000222,"failureMessages":[],"meta":{}},{"ancestorTitles":["PaintingPreviewSlot"],"fullName":"PaintingPreviewSlot applies stable frame aspect class for 'square' proportion","status":"passed","title":"applies stable frame aspect class for 'square' proportion","duration":9.159769000000324,"failureMessages":[],"meta":{}}],"startTime":1774342623192,"endTime":1774342623441.1597,"status":"passed","message":"","name":"/home/jpietrzyk/dev/front/tuus-imago/src/components/image-uploader/painting-preview-slot.test.tsx"},{"assertionResults":[{"ancestorTitles":["preview-canvas-utils"],"fullName":"preview-canvas-utils loads image element from preview URL","status":"passed","title":"loads image element from preview URL","duration":4.345677000000023,"failureMessages":[],"meta":{}},{"ancestorTitles":["preview-canvas-utils"],"fullName":"preview-canvas-utils resolves source dimensions using natural values","status":"passed","title":"resolves source dimensions using natural values","duration":2.083120999999892,"failureMessages":[],"meta":{}},{"ancestorTitles":["preview-canvas-utils"],"fullName":"preview-canvas-utils draws crop into canvas using crop output fallback when canvas is not measured","status":"passed","title":"draws crop into canvas using crop output fallback when canvas is not measured","duration":14.34898800000019,"failureMessages":[],"meta":{}},{"ancestorTitles":["preview-canvas-utils"],"fullName":"preview-canvas-utils falls back when measured canvas size is transiently tiny and keeps display size CSS-driven","status":"passed","title":"falls back when measured canvas size is transiently tiny and keeps display size CSS-driven","duration":4.00546200000008,"failureMessages":[],"meta":{}},{"ancestorTitles":["preview-canvas-utils"],"fullName":"preview-canvas-utils returns false when canvas context is unavailable","status":"passed","title":"returns false when canvas context is unavailable","duration":1.8612370000000737,"failureMessages":[],"meta":{}},{"ancestorTitles":["preview-canvas-utils"],"fullName":"preview-canvas-utils preserves crop aspect ratio when measured canvas box has mismatched ratio","status":"passed","title":"preserves crop aspect ratio when measured canvas box has mismatched ratio","duration":2.4195780000000013,"failureMessages":[],"meta":{}},{"ancestorTitles":["preview-canvas-utils"],"fullName":"preview-canvas-utils centers square crop inside a wide measured canvas without stretching","status":"passed","title":"centers square crop inside a wide measured canvas without stretching","duration":2.160653999999795,"failureMessages":[],"meta":{}}],"startTime":1774342631145,"endTime":1774342631177.1606,"status":"passed","message":"","name":"/home/jpietrzyk/dev/front/tuus-imago/src/components/image-uploader/preview-canvas-utils.test.ts"},{"assertionResults":[{"ancestorTitles":["buildPreviewImageMetadata"],"fullName":"buildPreviewImageMetadata builds metadata from source dimensions and formatted ratio","status":"passed","title":"builds metadata from source dimensions and formatted ratio","duration":10.264013000000205,"failureMessages":[],"meta":{}},{"ancestorTitles":["buildPreviewImageMetadata"],"fullName":"buildPreviewImageMetadata delegates ratio formatting to formatAspectRatio with source dimensions","status":"passed","title":"delegates ratio formatting to formatAspectRatio with source dimensions","duration":3.1344030000000203,"failureMessages":[],"meta":{}}],"startTime":1774342632411,"endTime":1774342632424.1345,"status":"passed","message":"","name":"/home/jpietrzyk/dev/front/tuus-imago/src/components/image-uploader/preview-image-metadata.test.ts"},{"assertionResults":[{"ancestorTitles":["resolvePreviewProportionDecision"],"fullName":"resolvePreviewProportionDecision auto-selects optimal proportion for first-time horizontal selection","status":"passed","title":"auto-selects optimal proportion for first-time horizontal selection","duration":6.429313000000093,"failureMessages":[],"meta":{}},{"ancestorTitles":["resolvePreviewProportionDecision"],"fullName":"resolvePreviewProportionDecision uses provided best proportion without recalculating optimal","status":"passed","title":"uses provided best proportion without recalculating optimal","duration":1.7747880000001715,"failureMessages":[],"meta":{}},{"ancestorTitles":["resolvePreviewProportionDecision"],"fullName":"resolvePreviewProportionDecision keeps user-selected proportion when metadata already exists","status":"passed","title":"keeps user-selected proportion when metadata already exists","duration":0.9522380000000794,"failureMessages":[],"meta":{}}],"startTime":1774342633969,"endTime":1774342633978.9521,"status":"passed","message":"","name":"/home/jpietrzyk/dev/front/tuus-imago/src/components/image-uploader/preview-proportion-decision.test.ts"},{"assertionResults":[{"ancestorTitles":["buildPreviewRenderPlan"],"fullName":"buildPreviewRenderPlan combines metadata, proportion decision, and crop into one render plan","status":"passed","title":"combines metadata, proportion decision, and crop into one render plan","duration":8.20225000000005,"failureMessages":[],"meta":{}},{"ancestorTitles":["buildPreviewRenderPlan"],"fullName":"buildPreviewRenderPlan passes the chosen proportion into crop calculation","status":"passed","title":"passes the chosen proportion into crop calculation","duration":3.7310560000000805,"failureMessages":[],"meta":{}}],"startTime":1774342632376,"endTime":1774342632387.731,"status":"passed","message":"","name":"/home/jpietrzyk/dev/front/tuus-imago/src/components/image-uploader/preview-render-plan.test.ts"},{"assertionResults":[{"ancestorTitles":["SideSlotPreview"],"fullName":"SideSlotPreview calls onSelectSlot when slot index is provided","status":"passed","title":"calls onSelectSlot when slot index is provided","duration":83.095597,"failureMessages":[],"meta":{}},{"ancestorTitles":["SideSlotPreview"],"fullName":"SideSlotPreview does not call onSelectSlot when slot index is null","status":"passed","title":"does not call onSelectSlot when slot index is null","duration":12.450159999999869,"failureMessages":[],"meta":{}},{"ancestorTitles":["SideSlotPreview"],"fullName":"SideSlotPreview applies empty opacity classes when slot has no image","status":"passed","title":"applies empty opacity classes when slot has no image","duration":9.846496000000116,"failureMessages":[],"meta":{}},{"ancestorTitles":["SideSlotPreview"],"fullName":"SideSlotPreview renders image and applies filled opacity classes when slot has image","status":"passed","title":"renders image and applies filled opacity classes when slot has image","duration":345.71122000000014,"failureMessages":[],"meta":{}},{"ancestorTitles":["SideSlotPreview"],"fullName":"SideSlotPreview uses add image aria-label for empty selectable slot","status":"passed","title":"uses add image aria-label for empty selectable slot","duration":7.5343189999998685,"failureMessages":[],"meta":{}},{"ancestorTitles":["SideSlotPreview"],"fullName":"SideSlotPreview keeps navigation aria-label for filled slot","status":"passed","title":"keeps navigation aria-label for filled slot","duration":7.77870699999994,"failureMessages":[],"meta":{}},{"ancestorTitles":["SideSlotPreview"],"fullName":"SideSlotPreview de-emphasizes filled side slot when it is not navigable","status":"passed","title":"de-emphasizes filled side slot when it is not navigable","duration":6.922782999999981,"failureMessages":[],"meta":{}},{"ancestorTitles":["SideSlotPreview"],"fullName":"SideSlotPreview emphasizes side slot when it is a navigable target","status":"passed","title":"emphasizes side slot when it is a navigable target","duration":6.035717000000204,"failureMessages":[],"meta":{}},{"ancestorTitles":["SideSlotPreview"],"fullName":"SideSlotPreview applies vertical side preset min-width classes","status":"passed","title":"applies vertical side preset min-width classes","duration":22.222392000000127,"failureMessages":[],"meta":{}},{"ancestorTitles":["SideSlotPreview"],"fullName":"SideSlotPreview uses square side preset when rectangle proportion is selected","status":"passed","title":"uses square side preset when rectangle proportion is selected","duration":10.599389999999858,"failureMessages":[],"meta":{}}],"startTime":1774342619389,"endTime":1774342619901.5994,"status":"passed","message":"","name":"/home/jpietrzyk/dev/front/tuus-imago/src/components/image-uploader/side-slot-preview.test.tsx"},{"assertionResults":[{"ancestorTitles":["slot-frame-presets"],"fullName":"slot-frame-presets maps rectangle proportion to square preset","status":"passed","title":"maps rectangle proportion to square preset","duration":5.281406999999945,"failureMessages":[],"meta":{}},{"ancestorTitles":["slot-frame-presets"],"fullName":"slot-frame-presets returns non-empty class names for horizontal","status":"passed","title":"returns non-empty class names for horizontal","duration":1.0662790000001223,"failureMessages":[],"meta":{}},{"ancestorTitles":["slot-frame-presets"],"fullName":"slot-frame-presets returns non-empty class names for vertical","status":"passed","title":"returns non-empty class names for vertical","duration":0.41018800000006195,"failureMessages":[],"meta":{}},{"ancestorTitles":["slot-frame-presets"],"fullName":"slot-frame-presets returns non-empty class names for square","status":"passed","title":"returns non-empty class names for square","duration":0.7048600000000533,"failureMessages":[],"meta":{}}],"startTime":1774342632973,"endTime":1774342632980.7048,"status":"passed","message":"","name":"/home/jpietrzyk/dev/front/tuus-imago/src/components/image-uploader/slot-frame-presets.test.ts"},{"assertionResults":[{"ancestorTitles":["split-image-into-thirds"],"fullName":"split-image-into-thirds splits image into left, center and right files","status":"passed","title":"splits image into left, center and right files","duration":17.170102999999926,"failureMessages":[],"meta":{}},{"ancestorTitles":["split-image-into-thirds"],"fullName":"split-image-into-thirds falls back to png mime type for unsupported source type","status":"passed","title":"falls back to png mime type for unsupported source type","duration":5.3151050000001305,"failureMessages":[],"meta":{}}],"startTime":1774342630479,"endTime":1774342630502.3152,"status":"passed","message":"","name":"/home/jpietrzyk/dev/front/tuus-imago/src/components/image-uploader/split-image-into-thirds.test.ts"},{"assertionResults":[{"ancestorTitles":["UploaderActionButtons"],"fullName":"UploaderActionButtons renders both upload and camera buttons with accessible labels","status":"passed","title":"renders both upload and camera buttons with accessible labels","duration":113.44303000000036,"failureMessages":[],"meta":{}},{"ancestorTitles":["UploaderActionButtons"],"fullName":"UploaderActionButtons renders default text below icons","status":"passed","title":"renders default text below icons","duration":21.34745699999985,"failureMessages":[],"meta":{}},{"ancestorTitles":["UploaderActionButtons"],"fullName":"UploaderActionButtons renders custom text props when provided","status":"passed","title":"renders custom text props when provided","duration":16.395026000000144,"failureMessages":[],"meta":{}},{"ancestorTitles":["UploaderActionButtons"],"fullName":"UploaderActionButtons fires callbacks when buttons are clicked","status":"passed","title":"fires callbacks when buttons are clicked","duration":20.477445999999873,"failureMessages":[],"meta":{}}],"startTime":1774342626127,"endTime":1774342626298.4775,"status":"passed","message":"","name":"/home/jpietrzyk/dev/front/tuus-imago/src/components/image-uploader/uploader-action-buttons.test.tsx"},{"assertionResults":[{"ancestorTitles":["UploaderEffectsPopover"],"fullName":"UploaderEffectsPopover renders enabled cog button by default","status":"passed","title":"renders enabled cog button by default","duration":426.8084439999998,"failureMessages":[],"meta":{}},{"ancestorTitles":["UploaderEffectsPopover"],"fullName":"UploaderEffectsPopover disables button when disabled prop is true","status":"passed","title":"disables button when disabled prop is true","duration":51.55581399999983,"failureMessages":[],"meta":{}},{"ancestorTitles":["UploaderEffectsPopover"],"fullName":"UploaderEffectsPopover renders button with settings icon","status":"passed","title":"renders button with settings icon","duration":31.317916999999852,"failureMessages":[],"meta":{}},{"ancestorTitles":["UploaderEffectsPopover"],"fullName":"UploaderEffectsPopover renders button with aria-label from translations","status":"passed","title":"renders button with aria-label from translations","duration":35.48962900000015,"failureMessages":[],"meta":{}},{"ancestorTitles":["UploaderEffectsPopover"],"fullName":"UploaderEffectsPopover is a dropdown trigger with menu role","status":"passed","title":"is a dropdown trigger with menu role","duration":35.2422260000003,"failureMessages":[],"meta":{}},{"ancestorTitles":["UploaderEffectsPopover"],"fullName":"UploaderEffectsPopover renders as Radix DropdownMenu trigger","status":"passed","title":"renders as Radix DropdownMenu trigger","duration":31.16521499999999,"failureMessages":[],"meta":{}},{"ancestorTitles":["UploaderEffectsPopover"],"fullName":"UploaderEffectsPopover calls onUpdateEffect when effects are updated via popover","status":"passed","title":"calls onUpdateEffect when effects are updated via popover","duration":12.689212999999654,"failureMessages":[],"meta":{}},{"ancestorTitles":["UploaderEffectsPopover"],"fullName":"UploaderEffectsPopover calls onResetEffects when reset is triggered","status":"passed","title":"calls onResetEffects when reset is triggered","duration":10.933933999999681,"failureMessages":[],"meta":{}},{"ancestorTitles":["UploaderEffectsPopover"],"fullName":"UploaderEffectsPopover calls onToggleRemoveBackground when switch is clicked","status":"passed","title":"calls onToggleRemoveBackground when switch is clicked","duration":406.62450599999966,"failureMessages":[],"meta":{}}],"startTime":1774342615346,"endTime":1774342616388.6245,"status":"passed","message":"","name":"/home/jpietrzyk/dev/front/tuus-imago/src/components/image-uploader/uploader-effects-popover.test.tsx"},{"assertionResults":[{"ancestorTitles":["UploaderPreviewSlider"],"fullName":"UploaderPreviewSlider renders side previews and center painting slot","status":"passed","title":"renders side previews and center painting slot","duration":81.88263599999982,"failureMessages":[],"meta":{}},{"ancestorTitles":["UploaderPreviewSlider"],"fullName":"UploaderPreviewSlider forwards slot selection callbacks via side slots","status":"passed","title":"forwards slot selection callbacks via side slots","duration":22.121975999999904,"failureMessages":[],"meta":{}}],"startTime":1774342630390,"endTime":1774342630494.122,"status":"passed","message":"","name":"/home/jpietrzyk/dev/front/tuus-imago/src/components/image-uploader/uploader-preview-slider.test.tsx"},{"assertionResults":[{"ancestorTitles":["UploaderPreviewToolsPanel"],"fullName":"UploaderPreviewToolsPanel renders slot switcher, split button, effects button, and tools","status":"passed","title":"renders slot switcher, split button, effects button, and tools","duration":571.2173240000002,"failureMessages":[],"meta":{}},{"ancestorTitles":["UploaderPreviewToolsPanel"],"fullName":"UploaderPreviewToolsPanel enables split button when canSplitImage is true","status":"passed","title":"enables split button when canSplitImage is true","duration":106.23044200000004,"failureMessages":[],"meta":{}},{"ancestorTitles":["UploaderPreviewToolsPanel"],"fullName":"UploaderPreviewToolsPanel disables split button when canSplitImage is false","status":"passed","title":"disables split button when canSplitImage is false","duration":75.90802299999996,"failureMessages":[],"meta":{}},{"ancestorTitles":["UploaderPreviewToolsPanel"],"fullName":"UploaderPreviewToolsPanel calls onSplitImage when split button is clicked","status":"passed","title":"calls onSplitImage when split button is clicked","duration":68.19845600000008,"failureMessages":[],"meta":{}},{"ancestorTitles":["UploaderPreviewToolsPanel"],"fullName":"UploaderPreviewToolsPanel enables effects button when canUpdateEffects is true","status":"passed","title":"enables effects button when canUpdateEffects is true","duration":64.12429299999985,"failureMessages":[],"meta":{}},{"ancestorTitles":["UploaderPreviewToolsPanel"],"fullName":"UploaderPreviewToolsPanel disables effects button when canUpdateEffects is false","status":"passed","title":"disables effects button when canUpdateEffects is false","duration":65.84814900000038,"failureMessages":[],"meta":{}},{"ancestorTitles":["UploaderPreviewToolsPanel"],"fullName":"UploaderPreviewToolsPanel calls onSelectSlot when slot switcher slot is clicked","status":"passed","title":"calls onSelectSlot when slot switcher slot is clicked","duration":49.8817610000001,"failureMessages":[],"meta":{}},{"ancestorTitles":["UploaderPreviewToolsPanel"],"fullName":"UploaderPreviewToolsPanel calls onSelectProportion when proportion is selected from tools","status":"passed","title":"calls onSelectProportion when proportion is selected from tools","duration":58.400396999999884,"failureMessages":[],"meta":{}},{"ancestorTitles":["UploaderPreviewToolsPanel"],"fullName":"UploaderPreviewToolsPanel shows split confirmation dialog when shouldConfirmSplit is true","status":"passed","title":"shows split confirmation dialog when shouldConfirmSplit is true","duration":153.9422370000002,"failureMessages":[],"meta":{}}],"startTime":1774342616757,"endTime":1774342617970.9421,"status":"passed","message":"","name":"/home/jpietrzyk/dev/front/tuus-imago/src/components/image-uploader/uploader-preview-tools-panel.test.tsx"},{"assertionResults":[{"ancestorTitles":["UploaderSlotSwitcher"],"fullName":"UploaderSlotSwitcher renders one dot button for each slot","status":"passed","title":"renders one dot button for each slot","duration":83.70546100000001,"failureMessages":[],"meta":{}},{"ancestorTitles":["UploaderSlotSwitcher"],"fullName":"UploaderSlotSwitcher marks the active slot dot as aria-pressed","status":"passed","title":"marks the active slot dot as aria-pressed","duration":11.15876500000013,"failureMessages":[],"meta":{}},{"ancestorTitles":["UploaderSlotSwitcher"],"fullName":"UploaderSlotSwitcher calls onSelectSlot with the correct index when a dot is clicked","status":"passed","title":"calls onSelectSlot with the correct index when a dot is clicked","duration":21.13715699999966,"failureMessages":[],"meta":{}}],"startTime":1774342629085,"endTime":1774342629201.1372,"status":"passed","message":"","name":"/home/jpietrzyk/dev/front/tuus-imago/src/components/image-uploader/uploader-slot-switcher.test.tsx"},{"assertionResults":[{"ancestorTitles":["useImageSliderNavigation"],"fullName":"useImageSliderNavigation returns no navigation when active image is null","status":"passed","title":"returns no navigation when active image is null","duration":166.9533339999998,"failureMessages":[],"meta":{}},{"ancestorTitles":["useImageSliderNavigation"],"fullName":"useImageSliderNavigation resolves previous and next filled slots for center active image","status":"passed","title":"resolves previous and next filled slots for center active image","duration":47.853607999999895,"failureMessages":[],"meta":{}},{"ancestorTitles":["useImageSliderNavigation"],"fullName":"useImageSliderNavigation skips empty slots when looking for next filled slot","status":"passed","title":"skips empty slots when looking for next filled slot","duration":18.660807000000204,"failureMessages":[],"meta":{}}],"startTime":1774342625730,"endTime":1774342625964.661,"status":"passed","message":"","name":"/home/jpietrzyk/dev/front/tuus-imago/src/components/image-uploader/use-image-slider-navigation.test.tsx"},{"assertionResults":[{"ancestorTitles":["usePreviewCanvasRender"],"fullName":"usePreviewCanvasRender loads image, builds render plan, emits metadata and draws to canvas","status":"passed","title":"loads image, builds render plan, emits metadata and draws to canvas","duration":54.422977000000174,"failureMessages":[],"meta":{}},{"ancestorTitles":["usePreviewCanvasRender"],"fullName":"usePreviewCanvasRender does not continue render pipeline when dimensions are invalid","status":"passed","title":"does not continue render pipeline when dimensions are invalid","duration":11.223601000000144,"failureMessages":[],"meta":{}},{"ancestorTitles":["usePreviewCanvasRender"],"fullName":"usePreviewCanvasRender cancels pipeline when effect is cleaned up before image resolves","status":"passed","title":"cancels pipeline when effect is cleaned up before image resolves","duration":19.498865000000023,"failureMessages":[],"meta":{}},{"ancestorTitles":["usePreviewCanvasRender"],"fullName":"usePreviewCanvasRender reruns render pipeline when proportion changes even with stable callback","status":"passed","title":"reruns render pipeline when proportion changes even with stable callback","duration":18.946737000000212,"failureMessages":[],"meta":{}},{"ancestorTitles":["usePreviewCanvasRender"],"fullName":"usePreviewCanvasRender does not create feedback loop when metadata is stored in state and passed back","status":"passed","title":"does not create feedback loop when metadata is stored in state and passed back","duration":20.297492000000148,"failureMessages":[],"meta":{}},{"ancestorTitles":["usePreviewCanvasRender"],"fullName":"usePreviewCanvasRender redraws preview canvas on viewport resize","status":"passed","title":"redraws preview canvas on viewport resize","duration":115.16995300000008,"failureMessages":[],"meta":{}},{"ancestorTitles":["usePreviewCanvasRender"],"fullName":"usePreviewCanvasRender redraws preview canvas when canvas element resizes (e.g. debug panel toggle)","status":"passed","title":"redraws preview canvas when canvas element resizes (e.g. debug panel toggle)","duration":109.75040499999977,"failureMessages":[],"meta":{}},{"ancestorTitles":["usePreviewCanvasRender"],"fullName":"usePreviewCanvasRender stores previewEffects in latestRenderConfigRef when provided","status":"passed","title":"stores previewEffects in latestRenderConfigRef when provided","duration":66.37433199999987,"failureMessages":[],"meta":{}},{"ancestorTitles":["usePreviewCanvasRender"],"fullName":"usePreviewCanvasRender passes previewEffects parameter to drawCroppedImageToCanvas when effects exist","status":"passed","title":"passes previewEffects parameter to drawCroppedImageToCanvas when effects exist","duration":58.69742300000007,"failureMessages":[],"meta":{}},{"ancestorTitles":["usePreviewCanvasRender"],"fullName":"usePreviewCanvasRender rerenders when previewEffects change","status":"passed","title":"rerenders when previewEffects change","duration":107.20191300000033,"failureMessages":[],"meta":{}}],"startTime":1774342620236,"endTime":1774342620818.202,"status":"passed","message":"","name":"/home/jpietrzyk/dev/front/tuus-imago/src/components/image-uploader/use-preview-canvas-render.test.tsx"},{"assertionResults":[{"ancestorTitles":["usePreviewSliderSlots"],"fullName":"usePreviewSliderSlots returns empty side slots when there is no active index","status":"passed","title":"returns empty side slots when there is no active index","duration":52.371991999999864,"failureMessages":[],"meta":{}},{"ancestorTitles":["usePreviewSliderSlots"],"fullName":"usePreviewSliderSlots returns side slot indexes and images around active center","status":"passed","title":"returns side slot indexes and images around active center","duration":12.288401999999678,"failureMessages":[],"meta":{}},{"ancestorTitles":["usePreviewSliderSlots"],"fullName":"usePreviewSliderSlots exposes only right slot when active image is first","status":"passed","title":"exposes only right slot when active image is first","duration":10.383252000000084,"failureMessages":[],"meta":{}}],"startTime":1774342628089,"endTime":1774342628164.3833,"status":"passed","message":"","name":"/home/jpietrzyk/dev/front/tuus-imago/src/components/image-uploader/use-preview-slider-slots.test.tsx"},{"assertionResults":[{"ancestorTitles":["useSliderSwipeNavigation"],"fullName":"useSliderSwipeNavigation calls onSwipeLeft for left swipe beyond threshold","status":"passed","title":"calls onSwipeLeft for left swipe beyond threshold","duration":60.61385599999994,"failureMessages":[],"meta":{}},{"ancestorTitles":["useSliderSwipeNavigation"],"fullName":"useSliderSwipeNavigation calls onSwipeRight for right swipe beyond threshold","status":"passed","title":"calls onSwipeRight for right swipe beyond threshold","duration":5.531591999999819,"failureMessages":[],"meta":{}},{"ancestorTitles":["useSliderSwipeNavigation"],"fullName":"useSliderSwipeNavigation does not trigger swipe callbacks below threshold","status":"passed","title":"does not trigger swipe callbacks below threshold","duration":6.259634999999889,"failureMessages":[],"meta":{}}],"startTime":1774342628470,"endTime":1774342628543.2595,"status":"passed","message":"","name":"/home/jpietrzyk/dev/front/tuus-imago/src/components/image-uploader/use-slider-swipe-navigation.test.tsx"}]}