{"numTotalTestSuites":2,"numPassedTestSuites":0,"numFailedTestSuites":2,"numPendingTestSuites":0,"numTotalTests":33,"numPassedTests":26,"numFailedTests":7,"numPendingTests":0,"numTodoTests":0,"snapshot":{"added":0,"failure":false,"filesAdded":0,"filesRemoved":0,"filesRemovedList":[],"filesUnmatched":0,"filesUpdated":0,"matched":0,"total":0,"unchecked":0,"uncheckedKeysByFile":[],"unmatched":0,"updated":0,"didUpdate":false},"startTime":1774339831301,"success":false,"testResults":[{"assertionResults":[{"ancestorTitles":["CheckoutPage"],"fullName":"CheckoutPage renders checkout page","status":"passed","title":"renders checkout page","duration":289.04762400000027,"failureMessages":[],"meta":{}},{"ancestorTitles":["CheckoutPage"],"fullName":"CheckoutPage renders back to upload link","status":"failed","title":"renders back to upload link","duration":1036.2840069999997,"failureMessages":["TestingLibraryElementError: Unable to find an accessible element with the role \"link\" and name \"← Powrót do przesyłania\"\n\nHere are the accessible roles:\n\n  button:\n\n  Name \"← Powrót do przesyłania\":\n  \u001b[36m<button\u001b[39m\n    \u001b[33mclass\u001b[39m=\u001b[32m\"inline-flex items-center text-sm text-blue-600 hover:text-blue-800 transition-colors mb-6\"\u001b[39m\n    \u001b[33mtype\u001b[39m=\u001b[32m\"button\"\u001b[39m\n  \u001b[36m/>\u001b[39m\n\n  Name \"Złóż zamówienie\":\n  \u001b[36m<button\u001b[39m\n    \u001b[33mclass\u001b[39m=\u001b[32m\"focus-visible:border-ring focus-visible:ring-ring/50 aria-invalid:ring-destructive/20 dark:aria-invalid:ring-destructive/40 aria-invalid:border-destructive dark:aria-invalid:border-destructive/50 rounded-md border border-transparent bg-clip-padding focus-visible:ring-3 aria-invalid:ring-3 [&_svg:not([class*='size-'])]:size-4 inline-flex items-center justify-center whitespace-nowrap transition-all disabled:pointer-events-none disabled:opacity-50 [&_svg]:pointer-events-none shrink-0 [&_svg]:shrink-0 outline-none group/button select-none bg-primary text-primary-foreground hover:bg-primary/80 h-9 gap-1.5 px-2.5 in-data-[slot=button-group]:rounded-md has-data-[icon=inline-end]:pr-2 has-data-[icon=inline-start]:pl-2 w-full py-6 text-lg font-semibold\"\u001b[39m\n    \u001b[33mdata-size\u001b[39m=\u001b[32m\"default\"\u001b[39m\n    \u001b[33mdata-slot\u001b[39m=\u001b[32m\"button\"\u001b[39m\n    \u001b[33mdata-variant\u001b[39m=\u001b[32m\"default\"\u001b[39m\n    \u001b[33mdisabled\u001b[39m=\u001b[32m\"\"\u001b[39m\n    \u001b[33mtype\u001b[39m=\u001b[32m\"submit\"\u001b[39m\n  \u001b[36m/>\u001b[39m\n\n  --------------------------------------------------\n  heading:\n\n  Name \"Zamówienie\":\n  \u001b[36m<h1\u001b[39m\n    \u001b[33mclass\u001b[39m=\u001b[32m\"text-4xl font-bold text-gray-900 mb-2 flex items-center justify-center gap-2\"\u001b[39m\n  \u001b[36m/>\u001b[39m\n\n  Name \"Podsumowanie zamówienia\":\n  \u001b[36m<h3\u001b[39m\n    \u001b[33mclass\u001b[39m=\u001b[32m\"text-lg font-semibold text-gray-900 flex items-center gap-2\"\u001b[39m\n  \u001b[36m/>\u001b[39m\n\n  --------------------------------------------------\n  paragraph:\n\n  Name \"\":\n  \u001b[36m<p\u001b[39m\n    \u001b[33mclass\u001b[39m=\u001b[32m\"text-lg text-gray-600\"\u001b[39m\n  \u001b[36m/>\u001b[39m\n\n  Name \"\":\n  \u001b[36m<p\u001b[39m\n    \u001b[33mclass\u001b[39m=\u001b[32m\"text-xs text-gray-500 text-center\"\u001b[39m\n  \u001b[36m/>\u001b[39m\n\n  --------------------------------------------------\n  group:\n\n  Name \"Informacje osobowe\":\n  \u001b[36m<fieldset\u001b[39m\n    \u001b[33mclass\u001b[39m=\u001b[32m\"space-y-4\"\u001b[39m\n  \u001b[36m/>\u001b[39m\n\n  Name \"Informacje adresowe\":\n  \u001b[36m<fieldset\u001b[39m\n    \u001b[33mclass\u001b[39m=\u001b[32m\"space-y-4\"\u001b[39m\n  \u001b[36m/>\u001b[39m\n\n  --------------------------------------------------\n  textbox:\n\n  Name \"Imię i nazwisko *\":\n  \u001b[36m<input\u001b[39m\n    \u001b[33maria-invalid\u001b[39m=\u001b[32m\"false\"\u001b[39m\n    \u001b[33maria-required\u001b[39m=\u001b[32m\"true\"\u001b[39m\n    \u001b[33mautocomplete\u001b[39m=\u001b[32m\"name\"\u001b[39m\n    \u001b[33mclass\u001b[39m=\u001b[32m\"dark:bg-input/30 border-input focus-visible:border-ring focus-visible:ring-ring/50 aria-invalid:ring-destructive/20 dark:aria-invalid:ring-destructive/40 aria-invalid:border-destructive dark:aria-invalid:border-destructive/50 h-9 rounded-md border bg-transparent px-2.5 py-1 text-base shadow-xs transition-[color,box-shadow] file:h-7 file:text-sm file:font-medium focus-visible:ring-3 aria-invalid:ring-3 md:text-sm file:text-foreground placeholder:text-muted-foreground min-w-0 outline-none file:inline-flex file:border-0 file:bg-transparent disabled:pointer-events-none disabled:cursor-not-allowed disabled:opacity-50 w-full\"\u001b[39m\n    \u001b[33mdata-slot\u001b[39m=\u001b[32m\"input\"\u001b[39m\n    \u001b[33mid\u001b[39m=\u001b[32m\"name\"\u001b[39m\n    \u001b[33mname\u001b[39m=\u001b[32m\"name\"\u001b[39m\n    \u001b[33mplaceholder\u001b[39m=\u001b[32m\"Wprowadź swoje imię i nazwisko\"\u001b[39m\n    \u001b[33mrequired\u001b[39m=\u001b[32m\"\"\u001b[39m\n    \u001b[33mtype\u001b[39m=\u001b[32m\"text\"\u001b[39m\n    \u001b[33mvalue\u001b[39m=\u001b[32m\"\"\u001b[39m\n  \u001b[36m/>\u001b[39m\n\n  Name \"Adres e-mail *\":\n  \u001b[36m<input\u001b[39m\n    \u001b[33maria-invalid\u001b[39m=\u001b[32m\"false\"\u001b[39m\n    \u001b[33maria-required\u001b[39m=\u001b[32m\"true\"\u001b[39m\n    \u001b[33mautocomplete\u001b[39m=\u001b[32m\"email\"\u001b[39m\n    \u001b[33mclass\u001b[39m=\u001b[32m\"dark:bg-input/30 border-input focus-visible:border-ring focus-visible:ring-ring/50 aria-invalid:ring-destructive/20 dark:aria-invalid:ring-destructive/40 aria-invalid:border-destructive dark:aria-invalid:border-destructive/50 h-9 rounded-md border bg-transparent px-2.5 py-1 text-base shadow-xs transition-[color,box-shadow] file:h-7 file:text-sm file:font-medium focus-visible:ring-3 aria-invalid:ring-3 md:text-sm file:text-foreground placeholder:text-muted-foreground min-w-0 outline-none file:inline-flex file:border-0 file:bg-transparent disabled:pointer-events-none disabled:cursor-not-allowed disabled:opacity-50 w-full\"\u001b[39m\n    \u001b[33mdata-slot\u001b[39m=\u001b[32m\"input\"\u001b[39m\n    \u001b[33mid\u001b[39m=\u001b[32m\"email\"\u001b[39m\n    \u001b[33mname\u001b[39m=\u001b[32m\"email\"\u001b[39m\n    \u001b[33mplaceholder\u001b[39m=\u001b[32m\"Wprowadź swój adres e-mail\"\u001b[39m\n    \u001b[33mrequired\u001b[39m=\u001b[32m\"\"\u001b[39m\n    \u001b[33mtype\u001b[39m=\u001b[32m\"email\"\u001b[39m\n    \u001b[33mvalue\u001b[39m=\u001b[32m\"\"\u001b[39m\n  \u001b[36m/>\u001b[39m\n\n  Name \"Numer telefonu\":\n  \u001b[36m<input\u001b[39m\n    \u001b[33maria-invalid\u001b[39m=\u001b[32m\"false\"\u001b[39m\n    \u001b[33mautocomplete\u001b[39m=\u001b[32m\"tel\"\u001b[39m\n    \u001b[33mclass\u001b[39m=\u001b[32m\"dark:bg-input/30 border-input focus-visible:border-ring focus-visible:ring-ring/50 aria-invalid:ring-destructive/20 dark:aria-invalid:ring-destructive/40 aria-invalid:border-destructive dark:aria-invalid:border-destructive/50 h-9 rounded-md border bg-transparent px-2.5 py-1 text-base shadow-xs transition-[color,box-shadow] file:h-7 file:text-sm file:font-medium focus-visible:ring-3 aria-invalid:ring-3 md:text-sm file:text-foreground placeholder:text-muted-foreground min-w-0 outline-none file:inline-flex file:border-0 file:bg-transparent disabled:pointer-events-none disabled:cursor-not-allowed disabled:opacity-50 w-full\"\u001b[39m\n    \u001b[33mdata-slot\u001b[39m=\u001b[32m\"input\"\u001b[39m\n    \u001b[33mid\u001b[39m=\u001b[32m\"phone\"\u001b[39m\n    \u001b[33mname\u001b[39m=\u001b[32m\"phone\"\u001b[39m\n    \u001b[33mplaceholder\u001b[39m=\u001b[32m\"+48 123 456 789\"\u001b[39m\n    \u001b[33mtype\u001b[39m=\u001b[32m\"tel\"\u001b[39m\n    \u001b[33mvalue\u001b[39m=\u001b[32m\"\"\u001b[39m\n  \u001b[36m/>\u001b[39m\n\n  Name \"Adres ulicy *\":\n  \u001b[36m<input\u001b[39m\n    \u001b[33maria-invalid\u001b[39m=\u001b[32m\"false\"\u001b[39m\n    \u001b[33maria-required\u001b[39m=\u001b[32m\"true\"\u001b[39m\n    \u001b[33mautocomplete\u001b[39m=\u001b[32m\"street-address\"\u001b[39m\n    \u001b[33mclass\u001b[39m=\u001b[32m\"dark:bg-input/30 border-input focus-visible:border-ring focus-visible:ring-ring/50 aria-invalid:ring-destructive/20 dark:aria-invalid:ring-destructive/40 aria-invalid:border-destructive dark:aria-invalid:border-destructive/50 h-9 rounded-md border bg-transparent px-2.5 py-1 text-base shadow-xs transition-[color,box-shadow] file:h-7 file:text-sm file:font-medium focus-visible:ring-3 aria-invalid:ring-3 md:text-sm file:text-foreground placeholder:text-muted-foreground min-w-0 outline-none file:inline-flex file:border-0 file:bg-transparent disabled:pointer-events-none disabled:cursor-not-allowed disabled:opacity-50 w-full\"\u001b[39m\n    \u001b[33mdata-slot\u001b[39m=\u001b[32m\"input\"\u001b[39m\n    \u001b[33mid\u001b[39m=\u001b[32m\"address\"\u001b[39m\n    \u001b[33mname\u001b[39m=\u001b[32m\"address\"\u001b[39m\n    \u001b[33mplaceholder\u001b[39m=\u001b[32m\"Wprowadź swój adres ulicy\"\u001b[39m\n    \u001b[33mrequired\u001b[39m=\u001b[32m\"\"\u001b[39m\n    \u001b[33mtype\u001b[39m=\u001b[32m\"text\"\u001b[39m\n    \u001b[33mvalue\u001b[39m=\u001b[32m\"\"\u001b[39m\n  \u001b[36m/>\u001b[39m\n\n  Name \"Miasto *\":\n  \u001b[36m<input\u001b[39m\n    \u001b[33maria-invalid\u001b[39m=\u001b[32m\"false\"\u001b[39m\n    \u001b[33maria-required\u001b[39m=\u001b[32m\"true\"\u001b[39m\n    \u001b[33mautocomplete\u001b[39m=\u001b[32m\"address-level2\"\u001b[39m\n    \u001b[33mclass\u001b[39m=\u001b[32m\"dark:bg-input/30 border-input focus-visible:border-ring focus-visible:ring-ring/50 aria-invalid:ring-destructive/20 dark:aria-invalid:ring-destructive/40 aria-invalid:border-destructive dark:aria-invalid:border-destructive/50 h-9 rounded-md border bg-transparent px-2.5 py-1 text-base shadow-xs transition-[color,box-shadow] file:h-7 file:text-sm file:font-medium focus-visible:ring-3 aria-invalid:ring-3 md:text-sm file:text-foreground placeholder:text-muted-foreground min-w-0 outline-none file:inline-flex file:border-0 file:bg-transparent disabled:pointer-events-none disabled:cursor-not-allowed disabled:opacity-50 w-full\"\u001b[39m\n    \u001b[33mdata-slot\u001b[39m=\u001b[32m\"input\"\u001b[39m\n    \u001b[33mid\u001b[39m=\u001b[32m\"city\"\u001b[39m\n    \u001b[33mname\u001b[39m=\u001b[32m\"city\"\u001b[39m\n    \u001b[33mplaceholder\u001b[39m=\u001b[32m\"Wprowadź swoje miasto\"\u001b[39m\n    \u001b[33mrequired\u001b[39m=\u001b[32m\"\"\u001b[39m\n    \u001b[33mtype\u001b[39m=\u001b[32m\"text\"\u001b[39m\n    \u001b[33mvalue\u001b[39m=\u001b[32m\"\"\u001b[39m\n  \u001b[36m/>\u001b[39m\n\n  Name \"Kod pocztowy *\":\n  \u001b[36m<input\u001b[39m\n    \u001b[33maria-invalid\u001b[39m=\u001b[32m\"false\"\u001b[39m\n    \u001b[33maria-required\u001b[39m=\u001b[32m\"true\"\u001b[39m\n    \u001b[33mautocomplete\u001b[39m=\u001b[32m\"postal-code\"\u001b[39m\n    \u001b[33mclass\u001b[39m=\u001b[32m\"dark:bg-input/30 border-input focus-visible:border-ring focus-visible:ring-ring/50 aria-invalid:ring-destructive/20 dark:aria-invalid:ring-destructive/40 aria-invalid:border-destructive dark:aria-invalid:border-destructive/50 h-9 rounded-md border bg-transparent px-2.5 py-1 text-base shadow-xs transition-[color,box-shadow] file:h-7 file:text-sm file:font-medium focus-visible:ring-3 aria-invalid:ring-3 md:text-sm file:text-foreground placeholder:text-muted-foreground min-w-0 outline-none file:inline-flex file:border-0 file:bg-transparent disabled:pointer-events-none disabled:cursor-not-allowed disabled:opacity-50 w-full\"\u001b[39m\n    \u001b[33mdata-slot\u001b[39m=\u001b[32m\"input\"\u001b[39m\n    \u001b[33mid\u001b[39m=\u001b[32m\"postalCode\"\u001b[39m\n    \u001b[33mname\u001b[39m=\u001b[32m\"postalCode\"\u001b[39m\n    \u001b[33mplaceholder\u001b[39m=\u001b[32m\"Wprowadź swój kod pocztowy\"\u001b[39m\n    \u001b[33mrequired\u001b[39m=\u001b[32m\"\"\u001b[39m\n    \u001b[33mtype\u001b[39m=\u001b[32m\"text\"\u001b[39m\n    \u001b[33mvalue\u001b[39m=\u001b[32m\"\"\u001b[39m\n  \u001b[36m/>\u001b[39m\n\n  --------------------------------------------------\n  none:\n\n  Name \"\":\n  \u001b[36m<div\u001b[39m\n    \u001b[33mclass\u001b[39m=\u001b[32m\"bg-border shrink-0 data-horizontal:h-px data-horizontal:w-full data-vertical:w-px data-vertical:self-stretch\"\u001b[39m\n    \u001b[33mdata-orientation\u001b[39m=\u001b[32m\"horizontal\"\u001b[39m\n    \u001b[33mdata-slot\u001b[39m=\u001b[32m\"separator\"\u001b[39m\n    \u001b[33mrole\u001b[39m=\u001b[32m\"none\"\u001b[39m\n  \u001b[36m/>\u001b[39m\n\n  Name \"\":\n  \u001b[36m<div\u001b[39m\n    \u001b[33mclass\u001b[39m=\u001b[32m\"bg-border shrink-0 data-horizontal:h-px data-horizontal:w-full data-vertical:w-px data-vertical:self-stretch\"\u001b[39m\n    \u001b[33mdata-orientation\u001b[39m=\u001b[32m\"horizontal\"\u001b[39m\n    \u001b[33mdata-slot\u001b[39m=\u001b[32m\"separator\"\u001b[39m\n    \u001b[33mrole\u001b[39m=\u001b[32m\"none\"\u001b[39m\n  \u001b[36m/>\u001b[39m\n\n  --------------------------------------------------\n  combobox:\n\n  Name \"Kraj *\":\n  \u001b[36m<button\u001b[39m\n    \u001b[33maria-autocomplete\u001b[39m=\u001b[32m\"none\"\u001b[39m\n    \u001b[33maria-controls\u001b[39m=\u001b[32m\"radix-_r_16_\"\u001b[39m\n    \u001b[33maria-expanded\u001b[39m=\u001b[32m\"false\"\u001b[39m\n    \u001b[33maria-invalid\u001b[39m=\u001b[32m\"false\"\u001b[39m\n    \u001b[33maria-required\u001b[39m=\u001b[32m\"true\"\u001b[39m\n    \u001b[33mautocomplete\u001b[39m=\u001b[32m\"country\"\u001b[39m\n    \u001b[33mclass\u001b[39m=\u001b[32m\"border-input data-placeholder:text-muted-foreground dark:bg-input/30 dark:hover:bg-input/50 focus-visible:border-ring focus-visible:ring-ring/50 aria-invalid:ring-destructive/20 dark:aria-invalid:ring-destructive/40 aria-invalid:border-destructive dark:aria-invalid:border-destructive/50 gap-1.5 rounded-md border bg-transparent py-2 pr-2 pl-2.5 text-sm shadow-xs transition-[color,box-shadow] focus-visible:ring-3 aria-invalid:ring-3 data-[size=default]:h-9 data-[size=sm]:h-8 *:data-[slot=select-value]:gap-1.5 [&_svg:not([class*='size-'])]:size-4 flex items-center justify-between whitespace-nowrap outline-none disabled:cursor-not-allowed disabled:opacity-50 *:data-[slot=select-value]:line-clamp-1 *:data-[slot=select-value]:flex *:data-[slot=select-value]:items-center [&_svg]:pointer-events-none [&_svg]:shrink-0 w-full\"\u001b[39m\n    \u001b[33mdata-placeholder\u001b[39m=\u001b[32m\"\"\u001b[39m\n    \u001b[33mdata-size\u001b[39m=\u001b[32m\"default\"\u001b[39m\n    \u001b[33mdata-slot\u001b[39m=\u001b[32m\"select-trigger\"\u001b[39m\n    \u001b[33mdata-state\u001b[39m=\u001b[32m\"closed\"\u001b[39m\n    \u001b[33mdir\u001b[39m=\u001b[32m\"ltr\"\u001b[39m\n    \u001b[33mid\u001b[39m=\u001b[32m\"country\"\u001b[39m\n    \u001b[33mrole\u001b[39m=\u001b[32m\"combobox\"\u001b[39m\n    \u001b[33mtype\u001b[39m=\u001b[32m\"button\"\u001b[39m\n  \u001b[36m/>\u001b[39m\n\n  --------------------------------------------------\n\nIgnored nodes: comments, script, style\n\u001b[36m<body>\u001b[39m\n  \u001b[36m<div>\u001b[39m\n    \u001b[36m<div\u001b[39m\n      \u001b[33mclass\u001b[39m=\u001b[32m\"min-h-screen bg-gray-50\"\u001b[39m\n    \u001b[36m>\u001b[39m\n      \u001b[36m<div\u001b[39m\n        \u001b[33mclass\u001b[39m=\u001b[32m\"max-w-4xl mx-auto px-4 py-8\"\u001b[39m\n      \u001b[36m>\u001b[39m\n        \u001b[36m<button\u001b[39m\n          \u001b[33mclass\u001b[39m=\u001b[32m\"inline-flex items-center text-sm text-blue-600 hover:text-blue-800 transition-colors mb-6\"\u001b[39m\n          \u001b[33mtype\u001b[39m=\u001b[32m\"button\"\u001b[39m\n        \u001b[36m>\u001b[39m\n          \u001b[0m← Powrót do przesyłania\u001b[0m\n        \u001b[36m</button>\u001b[39m\n        \u001b[36m<div\u001b[39m\n          \u001b[33mclass\u001b[39m=\u001b[32m\"mb-8 text-center\"\u001b[39m\n        \u001b[36m>\u001b[39m\n          \u001b[36m<h1\u001b[39m\n            \u001b[33mclass\u001b[39m=\u001b[32m\"text-4xl font-bold text-gray-900 mb-2 flex items-center justify-center gap-2\"\u001b[39m\n          \u001b[36m>\u001b[39m\n            \u001b[36m<svg\u001b[39m\n              \u001b[33maria-hidden\u001b[39m=\u001b[32m\"true\"\u001b[39m\n              \u001b[33mclass\u001b[39m=\u001b[32m\"lucide lucide-shopping-bag h-10 w-10 text-blue-600\"\u001b[39m\n              \u001b[33mfill\u001b[39m=\u001b[32m\"none\"\u001b[39m\n              \u001b[33mheight\u001b[39m=\u001b[32m\"24\"\u001b[39m\n              \u001b[33mstroke\u001b[39m=\u001b[32m\"currentColor\"\u001b[39m\n              \u001b[33mstroke-linecap\u001b[39m=\u001b[32m\"round\"\u001b[39m\n              \u001b[33mstroke-linejoin\u001b[39m=\u001b[32m\"round\"\u001b[39m\n              \u001b[33mstroke-width\u001b[39m=\u001b[32m\"2\"\u001b[39m\n              \u001b[33mviewBox\u001b[39m=\u001b[32m\"0 0 24 24\"\u001b[39m\n              \u001b[33mwidth\u001b[39m=\u001b[32m\"24\"\u001b[39m\n              \u001b[33mxmlns\u001b[39m=\u001b[32m\"http://www.w3.org/2000/svg\"\u001b[39m\n            \u001b[36m>\u001b[39m\n              \u001b[36m<path\u001b[39m\n                \u001b[33md\u001b[39m=\u001b[32m\"M16 10a4 4 0 0 1-8 0\"\u001b[39m\n              \u001b[36m/>\u001b[39m\n              \u001b[36m<path\u001b[39m\n                \u001b[33md\u001b[39m=\u001b[32m\"M3.103 6.034h17.794\"\u001b[39m\n              \u001b[36m/>\u001b[39m\n              \u001b[36m<path\u001b[39m\n                \u001b[33md\u001b[39m=\u001b[32m\"M3.4 5.467a2 2 0 0 0-.4 1.2V20a2 2 0 0 0 2 2h14a2 2 0 0 0 2-2V6.667a2 2 0 0 0-.4-1.2l-2-2.667A2 2 0 0 0 17 2H7a2 2 0 0 0-1.6.8z\"\u001b[39m\n              \u001b[36m/>\u001b[39m\n            \u001b[36m</svg>\u001b[39m\n            \u001b[0mZamówienie\u001b[0m\n          \u001b[36m</h1>\u001b[39m\n          \u001b[36m<p\u001b[39m\n            \u001b[33mclass\u001b[39m=\u001b[32m\"text-lg text-gray-600\"\u001b[39m\n          \u001b[36m>\u001b[39m\n            \u001b[0mUzupełnij szczegóły zamówienia\u001b[0m\n          \u001b[36m</p>\u001b[39m\n        \u001b[36m</div>\u001b[39m\n        \u001b[36m<div\u001b[39m\n          \u001b[33mclass\u001b[39m=\u001b[32m\"ring-foreground/10 bg-card text-card-foreground gap-6 overflow-hidden rounded-xl py-4 text-sm shadow-xs ring-1 has-[>img:first-child]:pt-0 data-[size=sm]:gap-4 data-[size=sm]:py-3 *:[img:first-child]:rounded-t-xl *:[img:last-child]:rounded-b-xl group/card flex flex-col max-w-2xl mx-auto\"\u001b[39m\n          \u001b[33mdata-size\u001b[39m=\u001b[32m\"default\"\u001b[39m\n          \u001b[33mdata-slot\u001b[39m=\u001b[32m\"card\"\u001b[39m\n        \u001b[36m>\u001b[39m\n          \u001b[36m<div\u001b[39m\n            \u001b[33mclass\u001b[39m=\u001b[32m\"gap-1 rounded-t-xl px-6 group-data-[size=sm]/card:px-4 [.border-b]:pb-6 group-data-[size=sm]/card:[.border-b]:pb-4 group/card-header @container/card-header grid auto-rows-min items-start has-data-[slot=card-action]:grid-cols-[1fr_auto] has-data-[slot=card-description]:grid-rows-[auto_auto]\"\u001b[39m\n            \u001b[33mdata-slot\u001b[39m=\u001b[32m\"card-header\"\u001b[39m\n          \u001b[36m>\u001b[39m\n            \u001b[36m<div\u001b[39m\n              \u001b[33mclass\u001b[39m=\u001b[32m\"text-base leading-normal font-medium group-data-[size=sm]/card:text-sm\"\u001b[39m\n              \u001b[33mdata-slot\u001b[39m=\u001b[32m\"card-title\"\u001b[39m\n            \u001b[36m>\u001b[39m\n              \u001b[0mInformacje o wysyłce\u001b[0m\n            \u001b[36m</div>\u001b[39m\n          \u001b[36m</div>\u001b[39m\n          \u001b[36m<div\u001b[39m\n            \u001b[33mclass\u001b[39m=\u001b[32m\"px-6 group-data-[size=sm]/card:px-4\"\u001b[39m\n            \u001b[33mdata-slot\u001b[39m=\u001b[32m\"card-content\"\u001b[39m\n          \u001b[36m>\u001b[39m\n            \u001b[36m<form\u001b[39m\n              \u001b[33mclass\u001b[39m=\u001b[32m\"space-y-6\"\u001b[39m\n              \u001b[33mnovalidate\u001b[39m=\u001b[32m\"\"\u001b[39m\n            \u001b[36m>\u001b[39m\n              \u001b[36m<fieldset\u001b[39m\n                \u001b[33mclass\u001b[39m=\u001b[32m\"space-y-4\"\u001b[39m\n              \u001b[36m>\u001b[39m\n                \u001b[36m<legend\u001b[39m\n                  \u001b[33mclass\u001b[39m=\u001b[32m\"text-lg font-semibold text-gray-900 flex items-center gap-2 w-full\"\u001b[39m\n                \u001b[36m>\u001b[39m\n                  \u001b[36m<svg\u001b[39m\n                    \u001b[33maria-hidden\u001b[39m=\u001b[32m\"true\"\u001b[39m\n                    \u001b[33mclass\u001b[39m=\u001b[32m\"lucide lucide-user h-5 w-5 text-blue-600\"\u001b[39m\n                    \u001b[33mfill\u001b[39m=\u001b[32m\"none\"\u001b[39m\n                    \u001b[33mheight\u001b[39m=\u001b[32m\"24\"\u001b[39m\n                    \u001b[33mstroke\u001b[39m=\u001b[32m\"currentColor\"\u001b[39m\n                    \u001b[33mstroke-linecap\u001b[39m=\u001b[32m\"round\"\u001b[39m\n                    \u001b[33mstroke-linejoin\u001b[39m=\u001b[32m\"round\"\u001b[39m\n                    \u001b[33mstroke-width\u001b[39m=\u001b[32m\"2\"\u001b[39m\n                    \u001b[33mviewBox\u001b[39m=\u001b[32m\"0 0 24 24\"\u001b[39m\n                    \u001b[33mwidth\u001b[39m=\u001b[32m\"24\"\u001b[39m\n                    \u001b[33mxmlns\u001b[39m=\u001b[32m\"http://www.w3.org/2000/svg\"\u001b[39m\n                  \u001b[36m>\u001b[39m\n                    \u001b[36m<path\u001b[39m\n                      \u001b[33md\u001b[39m=\u001b[32m\"M19 21v-2a4 4 0 0 0-4-4H9a4 4 0 0 0-4 4v2\"\u001b[39m\n                    \u001b[36m/>\u001b[39m\n                    \u001b[36m<circle\u001b[39m\n                      \u001b[33mcx\u001b[39m=\u001b[32m\"12\"\u001b[39m\n                      \u001b[33mcy\u001b[39m=\u001b[32m\"7\"\u001b[39m\n                      \u001b[33mr\u001b[39m=\u001b[32m\"4\"\u001b[39m\n                    \u001b[36m/>\u001b[39m\n                  \u001b[36m</svg>\u001b[39m\n                  \u001b[0mInformacje osobowe\u001b[0m\n                \u001b[36m</legend>\u001b[39m\n                \u001b[36m<div\u001b[39m\n                  \u001b[33mclass\u001b[39m=\u001b[32m\"space-y-2\"\u001b[39m\n                \u001b[36m>\u001b[39m\n                  \u001b[36m<label\u001b[39m\n                    \u001b[33mclass\u001b[39m=\u001b[32m\"gap-2 text-sm leading-none font-medium group-data-[disabled=true]:opacity-50 peer-disabled:opacity-50 flex items-center select-none group-data-[disabled=true]:pointer-events-none peer-disabled:cursor-not-allowed\"\u001b[39m\n                    \u001b[33mdata-slot\u001b[39m=\u001b[32m\"label\"\u001b[39m\n                    \u001b[33mfor\u001b[39m=\u001b[32m\"name\"\u001b[39m\n                  \u001b[36m>\u001b[39m\n                    \u001b[0mImię i nazwisko *\u001b[0m\n                  \u001b[36m</label>\u001b[39m\n                  \u001b[36m<input\u001b[39m\n                    \u001b[33maria-invalid\u001b[39m=\u001b[32m\"false\"\u001b[39m\n                    \u001b[33maria-required\u001b[39m=\u001b[32m\"true\"\u001b[39m\n                    \u001b[33mautocomplete\u001b[39m=\u001b[32m\"name\"\u001b[39m\n                    \u001b[33mclass\u001b[39m=\u001b[32m\"dark:bg-input/30 border-input focus-visible:border-ring focus-visible:ring-ring/50 aria-invalid:ring-destructive/20 dark:aria-invalid:ring-destructive/40 aria-invalid:border-destructive dark:aria-invalid:border-destructive/50 h-9 rounded-md border bg-transparent px-2.5 py-1 text-base shadow-xs transition-[color,box-shadow] file:h-7 file:text-sm file:font-medium focus-visible:ring-3 aria-invalid:ring-3 md:text-sm file:text-foreground placeholder:text-muted-foreground min-w-0 outline-none file:inline-flex file:border-0 file:bg-transparent disabled:pointer-events-none disabled:cursor-not-allowed disabled:opacity-50 w-full\"\u001b[39m\n                    \u001b[33mdata-slot\u001b[39m=\u001b[32m\"input\"\u001b[39m\n                    \u001b[33mid\u001b[39m=\u001b[32m\"name\"\u001b[39m\n                    \u001b[33mname\u001b[39m=\u001b[32m\"name\"\u001b[39m\n                    \u001b[33...\n    at Object.getElementError (/home/jpietrzyk/dev/front/tuus-imago/node_modules/.pnpm/@testing-library+dom@10.4.1/node_modules/@testing-library/dom/dist/config.js:37:19)\n    at /home/jpietrzyk/dev/front/tuus-imago/node_modules/.pnpm/@testing-library+dom@10.4.1/node_modules/@testing-library/dom/dist/query-helpers.js:76:38\n    at /home/jpietrzyk/dev/front/tuus-imago/node_modules/.pnpm/@testing-library+dom@10.4.1/node_modules/@testing-library/dom/dist/query-helpers.js:52:17\n    at /home/jpietrzyk/dev/front/tuus-imago/node_modules/.pnpm/@testing-library+dom@10.4.1/node_modules/@testing-library/dom/dist/query-helpers.js:95:19\n    at /home/jpietrzyk/dev/front/tuus-imago/src/pages/checkout.test.tsx:81:29\n    at file:///home/jpietrzyk/dev/front/tuus-imago/node_modules/.pnpm/@vitest+runner@4.0.18/node_modules/@vitest/runner/dist/index.js:145:11\n    at file:///home/jpietrzyk/dev/front/tuus-imago/node_modules/.pnpm/@vitest+runner@4.0.18/node_modules/@vitest/runner/dist/index.js:915:26\n    at file:///home/jpietrzyk/dev/front/tuus-imago/node_modules/.pnpm/@vitest+runner@4.0.18/node_modules/@vitest/runner/dist/index.js:1243:20\n    at new Promise (<anonymous>)\n    at runWithTimeout (file:///home/jpietrzyk/dev/front/tuus-imago/node_modules/.pnpm/@vitest+runner@4.0.18/node_modules/@vitest/runner/dist/index.js:1209:10)"],"meta":{}},{"ancestorTitles":["CheckoutPage"],"fullName":"CheckoutPage renders personal information section","status":"passed","title":"renders personal information section","duration":146.80249600000025,"failureMessages":[],"meta":{}},{"ancestorTitles":["CheckoutPage"],"fullName":"CheckoutPage renders full name input field","status":"passed","title":"renders full name input field","duration":141.33276300000034,"failureMessages":[],"meta":{}},{"ancestorTitles":["CheckoutPage"],"fullName":"CheckoutPage renders email input field","status":"passed","title":"renders email input field","duration":126.19001599999956,"failureMessages":[],"meta":{}},{"ancestorTitles":["CheckoutPage"],"fullName":"CheckoutPage renders phone input field","status":"passed","title":"renders phone input field","duration":119.78555400000005,"failureMessages":[],"meta":{}},{"ancestorTitles":["CheckoutPage"],"fullName":"CheckoutPage renders address input field","status":"passed","title":"renders address input field","duration":104.94218000000001,"failureMessages":[],"meta":{}},{"ancestorTitles":["CheckoutPage"],"fullName":"CheckoutPage renders city input field","status":"passed","title":"renders city input field","duration":95.99272399999973,"failureMessages":[],"meta":{}},{"ancestorTitles":["CheckoutPage"],"fullName":"CheckoutPage renders postal code input field","status":"passed","title":"renders postal code input field","duration":99.18000299999949,"failureMessages":[],"meta":{}},{"ancestorTitles":["CheckoutPage"],"fullName":"CheckoutPage renders country select field","status":"passed","title":"renders country select field","duration":122.06611900000007,"failureMessages":[],"meta":{}},{"ancestorTitles":["CheckoutPage"],"fullName":"CheckoutPage renders country select with EU/EEA options","status":"failed","title":"renders country select with EU/EEA options","duration":1198.346869,"failureMessages":["Error: Unable to find role=\"option\" and name \"Poland\"\n\nIgnored nodes: comments, script, style\n\u001b[36m<body>\u001b[39m\n  \u001b[36m<div>\u001b[39m\n    \u001b[36m<div\u001b[39m\n      \u001b[33mclass\u001b[39m=\u001b[32m\"min-h-screen bg-gray-50\"\u001b[39m\n    \u001b[36m>\u001b[39m\n      \u001b[36m<div\u001b[39m\n        \u001b[33mclass\u001b[39m=\u001b[32m\"max-w-4xl mx-auto px-4 py-8\"\u001b[39m\n      \u001b[36m>\u001b[39m\n        \u001b[36m<button\u001b[39m\n          \u001b[33mclass\u001b[39m=\u001b[32m\"inline-flex items-center text-sm text-blue-600 hover:text-blue-800 transition-colors mb-6\"\u001b[39m\n          \u001b[33mtype\u001b[39m=\u001b[32m\"button\"\u001b[39m\n        \u001b[36m>\u001b[39m\n          \u001b[0m← Powrót do przesyłania\u001b[0m\n        \u001b[36m</button>\u001b[39m\n        \u001b[36m<div\u001b[39m\n          \u001b[33mclass\u001b[39m=\u001b[32m\"mb-8 text-center\"\u001b[39m\n        \u001b[36m>\u001b[39m\n          \u001b[36m<h1\u001b[39m\n            \u001b[33mclass\u001b[39m=\u001b[32m\"text-4xl font-bold text-gray-900 mb-2 flex items-center justify-center gap-2\"\u001b[39m\n          \u001b[36m>\u001b[39m\n            \u001b[36m<svg\u001b[39m\n              \u001b[33maria-hidden\u001b[39m=\u001b[32m\"true\"\u001b[39m\n              \u001b[33mclass\u001b[39m=\u001b[32m\"lucide lucide-shopping-bag h-10 w-10 text-blue-600\"\u001b[39m\n              \u001b[33mfill\u001b[39m=\u001b[32m\"none\"\u001b[39m\n              \u001b[33mheight\u001b[39m=\u001b[32m\"24\"\u001b[39m\n              \u001b[33mstroke\u001b[39m=\u001b[32m\"currentColor\"\u001b[39m\n              \u001b[33mstroke-linecap\u001b[39m=\u001b[32m\"round\"\u001b[39m\n              \u001b[33mstroke-linejoin\u001b[39m=\u001b[32m\"round\"\u001b[39m\n              \u001b[33mstroke-width\u001b[39m=\u001b[32m\"2\"\u001b[39m\n              \u001b[33mviewBox\u001b[39m=\u001b[32m\"0 0 24 24\"\u001b[39m\n              \u001b[33mwidth\u001b[39m=\u001b[32m\"24\"\u001b[39m\n              \u001b[33mxmlns\u001b[39m=\u001b[32m\"http://www.w3.org/2000/svg\"\u001b[39m\n            \u001b[36m>\u001b[39m\n              \u001b[36m<path\u001b[39m\n                \u001b[33md\u001b[39m=\u001b[32m\"M16 10a4 4 0 0 1-8 0\"\u001b[39m\n              \u001b[36m/>\u001b[39m\n              \u001b[36m<path\u001b[39m\n                \u001b[33md\u001b[39m=\u001b[32m\"M3.103 6.034h17.794\"\u001b[39m\n              \u001b[36m/>\u001b[39m\n              \u001b[36m<path\u001b[39m\n                \u001b[33md\u001b[39m=\u001b[32m\"M3.4 5.467a2 2 0 0 0-.4 1.2V20a2 2 0 0 0 2 2h14a2 2 0 0 0 2-2V6.667a2 2 0 0 0-.4-1.2l-2-2.667A2 2 0 0 0 17 2H7a2 2 0 0 0-1.6.8z\"\u001b[39m\n              \u001b[36m/>\u001b[39m\n            \u001b[36m</svg>\u001b[39m\n            \u001b[0mZamówienie\u001b[0m\n          \u001b[36m</h1>\u001b[39m\n          \u001b[36m<p\u001b[39m\n            \u001b[33mclass\u001b[39m=\u001b[32m\"text-lg text-gray-600\"\u001b[39m\n          \u001b[36m>\u001b[39m\n            \u001b[0mUzupełnij szczegóły zamówienia\u001b[0m\n          \u001b[36m</p>\u001b[39m\n        \u001b[36m</div>\u001b[39m\n        \u001b[36m<div\u001b[39m\n          \u001b[33mclass\u001b[39m=\u001b[32m\"ring-foreground/10 bg-card text-card-foreground gap-6 overflow-hidden rounded-xl py-4 text-sm shadow-xs ring-1 has-[>img:first-child]:pt-0 data-[size=sm]:gap-4 data-[size=sm]:py-3 *:[img:first-child]:rounded-t-xl *:[img:last-child]:rounded-b-xl group/card flex flex-col max-w-2xl mx-auto\"\u001b[39m\n          \u001b[33mdata-size\u001b[39m=\u001b[32m\"default\"\u001b[39m\n          \u001b[33mdata-slot\u001b[39m=\u001b[32m\"card\"\u001b[39m\n        \u001b[36m>\u001b[39m\n          \u001b[36m<div\u001b[39m\n            \u001b[33mclass\u001b[39m=\u001b[32m\"gap-1 rounded-t-xl px-6 group-data-[size=sm]/card:px-4 [.border-b]:pb-6 group-data-[size=sm]/card:[.border-b]:pb-4 group/card-header @container/card-header grid auto-rows-min items-start has-data-[slot=card-action]:grid-cols-[1fr_auto] has-data-[slot=card-description]:grid-rows-[auto_auto]\"\u001b[39m\n            \u001b[33mdata-slot\u001b[39m=\u001b[32m\"card-header\"\u001b[39m\n          \u001b[36m>\u001b[39m\n            \u001b[36m<div\u001b[39m\n              \u001b[33mclass\u001b[39m=\u001b[32m\"text-base leading-normal font-medium group-data-[size=sm]/card:text-sm\"\u001b[39m\n              \u001b[33mdata-slot\u001b[39m=\u001b[32m\"card-title\"\u001b[39m\n            \u001b[36m>\u001b[39m\n              \u001b[0mInformacje o wysyłce\u001b[0m\n            \u001b[36m</div>\u001b[39m\n          \u001b[36m</div>\u001b[39m\n          \u001b[36m<div\u001b[39m\n            \u001b[33mclass\u001b[39m=\u001b[32m\"px-6 group-data-[size=sm]/card:px-4\"\u001b[39m\n            \u001b[33mdata-slot\u001b[39m=\u001b[32m\"card-content\"\u001b[39m\n          \u001b[36m>\u001b[39m\n            \u001b[36m<form\u001b[39m\n              \u001b[33mclass\u001b[39m=\u001b[32m\"space-y-6\"\u001b[39m\n              \u001b[33mnovalidate\u001b[39m=\u001b[32m\"\"\u001b[39m\n            \u001b[36m>\u001b[39m\n              \u001b[36m<fieldset\u001b[39m\n                \u001b[33mclass\u001b[39m=\u001b[32m\"space-y-4\"\u001b[39m\n              \u001b[36m>\u001b[39m\n                \u001b[36m<legend\u001b[39m\n                  \u001b[33mclass\u001b[39m=\u001b[32m\"text-lg font-semibold text-gray-900 flex items-center gap-2 w-full\"\u001b[39m\n                \u001b[36m>\u001b[39m\n                  \u001b[36m<svg\u001b[39m\n                    \u001b[33maria-hidden\u001b[39m=\u001b[32m\"true\"\u001b[39m\n                    \u001b[33mclass\u001b[39m=\u001b[32m\"lucide lucide-user h-5 w-5 text-blue-600\"\u001b[39m\n                    \u001b[33mfill\u001b[39m=\u001b[32m\"none\"\u001b[39m\n                    \u001b[33mheight\u001b[39m=\u001b[32m\"24\"\u001b[39m\n                    \u001b[33mstroke\u001b[39m=\u001b[32m\"currentColor\"\u001b[39m\n                    \u001b[33mstroke-linecap\u001b[39m=\u001b[32m\"round\"\u001b[39m\n                    \u001b[33mstroke-linejoin\u001b[39m=\u001b[32m\"round\"\u001b[39m\n                    \u001b[33mstroke-width\u001b[39m=\u001b[32m\"2\"\u001b[39m\n                    \u001b[33mviewBox\u001b[39m=\u001b[32m\"0 0 24 24\"\u001b[39m\n                    \u001b[33mwidth\u001b[39m=\u001b[32m\"24\"\u001b[39m\n                    \u001b[33mxmlns\u001b[39m=\u001b[32m\"http://www.w3.org/2000/svg\"\u001b[39m\n                  \u001b[36m>\u001b[39m\n                    \u001b[36m<path\u001b[39m\n                      \u001b[33md\u001b[39m=\u001b[32m\"M19 21v-2a4 4 0 0 0-4-4H9a4 4 0 0 0-4 4v2\"\u001b[39m\n                    \u001b[36m/>\u001b[39m\n                    \u001b[36m<circle\u001b[39m\n                      \u001b[33mcx\u001b[39m=\u001b[32m\"12\"\u001b[39m\n                      \u001b[33mcy\u001b[39m=\u001b[32m\"7\"\u001b[39m\n                      \u001b[33mr\u001b[39m=\u001b[32m\"4\"\u001b[39m\n                    \u001b[36m/>\u001b[39m\n                  \u001b[36m</svg>\u001b[39m\n                  \u001b[0mInformacje osobowe\u001b[0m\n                \u001b[36m</legend>\u001b[39m\n                \u001b[36m<div\u001b[39m\n                  \u001b[33mclass\u001b[39m=\u001b[32m\"space-y-2\"\u001b[39m\n                \u001b[36m>\u001b[39m\n                  \u001b[36m<label\u001b[39m\n                    \u001b[33mclass\u001b[39m=\u001b[32m\"gap-2 text-sm leading-none font-medium group-data-[disabled=true]:opacity-50 peer-disabled:opacity-50 flex items-center select-none group-data-[disabled=true]:pointer-events-none peer-disabled:cursor-not-allowed\"\u001b[39m\n                    \u001b[33mdata-slot\u001b[39m=\u001b[32m\"label\"\u001b[39m\n                    \u001b[33mfor\u001b[39m=\u001b[32m\"name\"\u001b[39m\n                  \u001b[36m>\u001b[39m\n                    \u001b[0mImię i nazwisko *\u001b[0m\n                  \u001b[36m</label>\u001b[39m\n                  \u001b[36m<input\u001b[39m\n                    \u001b[33maria-invalid\u001b[39m=\u001b[32m\"false\"\u001b[39m\n                    \u001b[33maria-required\u001b[39m=\u001b[32m\"true\"\u001b[39m\n                    \u001b[33mautocomplete\u001b[39m=\u001b[32m\"name\"\u001b[39m\n                    \u001b[33mclass\u001b[39m=\u001b[32m\"dark:bg-input/30 border-input focus-visible:border-ring focus-visible:ring-ring/50 aria-invalid:ring-destructive/20 dark:aria-invalid:ring-destructive/40 aria-invalid:border-destructive dark:aria-invalid:border-destructive/50 h-9 rounded-md border bg-transparent px-2.5 py-1 text-base shadow-xs transition-[color,box-shadow] file:h-7 file:text-sm file:font-medium focus-visible:ring-3 aria-invalid:ring-3 md:text-sm file:text-foreground placeholder:text-muted-foreground min-w-0 outline-none file:inline-flex file:border-0 file:bg-transparent disabled:pointer-events-none disabled:cursor-not-allowed disabled:opacity-50 w-full\"\u001b[39m\n                    \u001b[33mdata-slot\u001b[39m=\u001b[32m\"input\"\u001b[39m\n                    \u001b[33mid\u001b[39m=\u001b[32m\"name\"\u001b[39m\n                    \u001b[33mname\u001b[39m=\u001b[32m\"name\"\u001b[39m\n                    \u001b[33...\n    at waitForWrapper (/home/jpietrzyk/dev/front/tuus-imago/node_modules/.pnpm/@testing-library+dom@10.4.1/node_modules/@testing-library/dom/dist/wait-for.js:163:27)\n    at /home/jpietrzyk/dev/front/tuus-imago/node_modules/.pnpm/@testing-library+dom@10.4.1/node_modules/@testing-library/dom/dist/query-helpers.js:86:33\n    at /home/jpietrzyk/dev/front/tuus-imago/src/pages/checkout.test.tsx:148:25\n    at file:///home/jpietrzyk/dev/front/tuus-imago/node_modules/.pnpm/@vitest+runner@4.0.18/node_modules/@vitest/runner/dist/index.js:915:20"],"meta":{}},{"ancestorTitles":["CheckoutPage"],"fullName":"CheckoutPage renders address information section","status":"passed","title":"renders address information section","duration":93.14129599999978,"failureMessages":[],"meta":{}},{"ancestorTitles":["CheckoutPage"],"fullName":"CheckoutPage renders order summary section","status":"passed","title":"renders order summary section","duration":90.01046700000006,"failureMessages":[],"meta":{}},{"ancestorTitles":["CheckoutPage"],"fullName":"CheckoutPage renders total price","status":"passed","title":"renders total price","duration":73.52108100000078,"failureMessages":[],"meta":{}},{"ancestorTitles":["CheckoutPage"],"fullName":"CheckoutPage renders place order button","status":"passed","title":"renders place order button","duration":107.1256570000005,"failureMessages":[],"meta":{}},{"ancestorTitles":["CheckoutPage"],"fullName":"CheckoutPage disables submit button when form is invalid","status":"passed","title":"disables submit button when form is invalid","duration":120.02910300000076,"failureMessages":[],"meta":{}},{"ancestorTitles":["CheckoutPage"],"fullName":"CheckoutPage enables submit button when all required fields are filled","status":"failed","title":"enables submit button when all required fields are filled","duration":3045.6979760000004,"failureMessages":["Error: Unable to find role=\"option\" and name \"Poland\"\n\nIgnored nodes: comments, script, style\n\u001b[36m<body>\u001b[39m\n  \u001b[36m<div>\u001b[39m\n    \u001b[36m<div\u001b[39m\n      \u001b[33mclass\u001b[39m=\u001b[32m\"min-h-screen bg-gray-50\"\u001b[39m\n    \u001b[36m>\u001b[39m\n      \u001b[36m<div\u001b[39m\n        \u001b[33mclass\u001b[39m=\u001b[32m\"max-w-4xl mx-auto px-4 py-8\"\u001b[39m\n      \u001b[36m>\u001b[39m\n        \u001b[36m<button\u001b[39m\n          \u001b[33mclass\u001b[39m=\u001b[32m\"inline-flex items-center text-sm text-blue-600 hover:text-blue-800 transition-colors mb-6\"\u001b[39m\n          \u001b[33mtype\u001b[39m=\u001b[32m\"button\"\u001b[39m\n        \u001b[36m>\u001b[39m\n          \u001b[0m← Powrót do przesyłania\u001b[0m\n        \u001b[36m</button>\u001b[39m\n        \u001b[36m<div\u001b[39m\n          \u001b[33mclass\u001b[39m=\u001b[32m\"mb-8 text-center\"\u001b[39m\n        \u001b[36m>\u001b[39m\n          \u001b[36m<h1\u001b[39m\n            \u001b[33mclass\u001b[39m=\u001b[32m\"text-4xl font-bold text-gray-900 mb-2 flex items-center justify-center gap-2\"\u001b[39m\n          \u001b[36m>\u001b[39m\n            \u001b[36m<svg\u001b[39m\n              \u001b[33maria-hidden\u001b[39m=\u001b[32m\"true\"\u001b[39m\n              \u001b[33mclass\u001b[39m=\u001b[32m\"lucide lucide-shopping-bag h-10 w-10 text-blue-600\"\u001b[39m\n              \u001b[33mfill\u001b[39m=\u001b[32m\"none\"\u001b[39m\n              \u001b[33mheight\u001b[39m=\u001b[32m\"24\"\u001b[39m\n              \u001b[33mstroke\u001b[39m=\u001b[32m\"currentColor\"\u001b[39m\n              \u001b[33mstroke-linecap\u001b[39m=\u001b[32m\"round\"\u001b[39m\n              \u001b[33mstroke-linejoin\u001b[39m=\u001b[32m\"round\"\u001b[39m\n              \u001b[33mstroke-width\u001b[39m=\u001b[32m\"2\"\u001b[39m\n              \u001b[33mviewBox\u001b[39m=\u001b[32m\"0 0 24 24\"\u001b[39m\n              \u001b[33mwidth\u001b[39m=\u001b[32m\"24\"\u001b[39m\n              \u001b[33mxmlns\u001b[39m=\u001b[32m\"http://www.w3.org/2000/svg\"\u001b[39m\n            \u001b[36m>\u001b[39m\n              \u001b[36m<path\u001b[39m\n                \u001b[33md\u001b[39m=\u001b[32m\"M16 10a4 4 0 0 1-8 0\"\u001b[39m\n              \u001b[36m/>\u001b[39m\n              \u001b[36m<path\u001b[39m\n                \u001b[33md\u001b[39m=\u001b[32m\"M3.103 6.034h17.794\"\u001b[39m\n              \u001b[36m/>\u001b[39m\n              \u001b[36m<path\u001b[39m\n                \u001b[33md\u001b[39m=\u001b[32m\"M3.4 5.467a2 2 0 0 0-.4 1.2V20a2 2 0 0 0 2 2h14a2 2 0 0 0 2-2V6.667a2 2 0 0 0-.4-1.2l-2-2.667A2 2 0 0 0 17 2H7a2 2 0 0 0-1.6.8z\"\u001b[39m\n              \u001b[36m/>\u001b[39m\n            \u001b[36m</svg>\u001b[39m\n            \u001b[0mZamówienie\u001b[0m\n          \u001b[36m</h1>\u001b[39m\n          \u001b[36m<p\u001b[39m\n            \u001b[33mclass\u001b[39m=\u001b[32m\"text-lg text-gray-600\"\u001b[39m\n          \u001b[36m>\u001b[39m\n            \u001b[0mUzupełnij szczegóły zamówienia\u001b[0m\n          \u001b[36m</p>\u001b[39m\n        \u001b[36m</div>\u001b[39m\n        \u001b[36m<div\u001b[39m\n          \u001b[33mclass\u001b[39m=\u001b[32m\"ring-foreground/10 bg-card text-card-foreground gap-6 overflow-hidden rounded-xl py-4 text-sm shadow-xs ring-1 has-[>img:first-child]:pt-0 data-[size=sm]:gap-4 data-[size=sm]:py-3 *:[img:first-child]:rounded-t-xl *:[img:last-child]:rounded-b-xl group/card flex flex-col max-w-2xl mx-auto\"\u001b[39m\n          \u001b[33mdata-size\u001b[39m=\u001b[32m\"default\"\u001b[39m\n          \u001b[33mdata-slot\u001b[39m=\u001b[32m\"card\"\u001b[39m\n        \u001b[36m>\u001b[39m\n          \u001b[36m<div\u001b[39m\n            \u001b[33mclass\u001b[39m=\u001b[32m\"gap-1 rounded-t-xl px-6 group-data-[size=sm]/card:px-4 [.border-b]:pb-6 group-data-[size=sm]/card:[.border-b]:pb-4 group/card-header @container/card-header grid auto-rows-min items-start has-data-[slot=card-action]:grid-cols-[1fr_auto] has-data-[slot=card-description]:grid-rows-[auto_auto]\"\u001b[39m\n            \u001b[33mdata-slot\u001b[39m=\u001b[32m\"card-header\"\u001b[39m\n          \u001b[36m>\u001b[39m\n            \u001b[36m<div\u001b[39m\n              \u001b[33mclass\u001b[39m=\u001b[32m\"text-base leading-normal font-medium group-data-[size=sm]/card:text-sm\"\u001b[39m\n              \u001b[33mdata-slot\u001b[39m=\u001b[32m\"card-title\"\u001b[39m\n            \u001b[36m>\u001b[39m\n              \u001b[0mInformacje o wysyłce\u001b[0m\n            \u001b[36m</div>\u001b[39m\n          \u001b[36m</div>\u001b[39m\n          \u001b[36m<div\u001b[39m\n            \u001b[33mclass\u001b[39m=\u001b[32m\"px-6 group-data-[size=sm]/card:px-4\"\u001b[39m\n            \u001b[33mdata-slot\u001b[39m=\u001b[32m\"card-content\"\u001b[39m\n          \u001b[36m>\u001b[39m\n            \u001b[36m<form\u001b[39m\n              \u001b[33mclass\u001b[39m=\u001b[32m\"space-y-6\"\u001b[39m\n              \u001b[33mnovalidate\u001b[39m=\u001b[32m\"\"\u001b[39m\n            \u001b[36m>\u001b[39m\n              \u001b[36m<fieldset\u001b[39m\n                \u001b[33mclass\u001b[39m=\u001b[32m\"space-y-4\"\u001b[39m\n              \u001b[36m>\u001b[39m\n                \u001b[36m<legend\u001b[39m\n                  \u001b[33mclass\u001b[39m=\u001b[32m\"text-lg font-semibold text-gray-900 flex items-center gap-2 w-full\"\u001b[39m\n                \u001b[36m>\u001b[39m\n                  \u001b[36m<svg\u001b[39m\n                    \u001b[33maria-hidden\u001b[39m=\u001b[32m\"true\"\u001b[39m\n                    \u001b[33mclass\u001b[39m=\u001b[32m\"lucide lucide-user h-5 w-5 text-blue-600\"\u001b[39m\n                    \u001b[33mfill\u001b[39m=\u001b[32m\"none\"\u001b[39m\n                    \u001b[33mheight\u001b[39m=\u001b[32m\"24\"\u001b[39m\n                    \u001b[33mstroke\u001b[39m=\u001b[32m\"currentColor\"\u001b[39m\n                    \u001b[33mstroke-linecap\u001b[39m=\u001b[32m\"round\"\u001b[39m\n                    \u001b[33mstroke-linejoin\u001b[39m=\u001b[32m\"round\"\u001b[39m\n                    \u001b[33mstroke-width\u001b[39m=\u001b[32m\"2\"\u001b[39m\n                    \u001b[33mviewBox\u001b[39m=\u001b[32m\"0 0 24 24\"\u001b[39m\n                    \u001b[33mwidth\u001b[39m=\u001b[32m\"24\"\u001b[39m\n                    \u001b[33mxmlns\u001b[39m=\u001b[32m\"http://www.w3.org/2000/svg\"\u001b[39m\n                  \u001b[36m>\u001b[39m\n                    \u001b[36m<path\u001b[39m\n                      \u001b[33md\u001b[39m=\u001b[32m\"M19 21v-2a4 4 0 0 0-4-4H9a4 4 0 0 0-4 4v2\"\u001b[39m\n                    \u001b[36m/>\u001b[39m\n                    \u001b[36m<circle\u001b[39m\n                      \u001b[33mcx\u001b[39m=\u001b[32m\"12\"\u001b[39m\n                      \u001b[33mcy\u001b[39m=\u001b[32m\"7\"\u001b[39m\n                      \u001b[33mr\u001b[39m=\u001b[32m\"4\"\u001b[39m\n                    \u001b[36m/>\u001b[39m\n                  \u001b[36m</svg>\u001b[39m\n                  \u001b[0mInformacje osobowe\u001b[0m\n                \u001b[36m</legend>\u001b[39m\n                \u001b[36m<div\u001b[39m\n                  \u001b[33mclass\u001b[39m=\u001b[32m\"space-y-2\"\u001b[39m\n                \u001b[36m>\u001b[39m\n                  \u001b[36m<label\u001b[39m\n                    \u001b[33mclass\u001b[39m=\u001b[32m\"gap-2 text-sm leading-none font-medium group-data-[disabled=true]:opacity-50 peer-disabled:opacity-50 flex items-center select-none group-data-[disabled=true]:pointer-events-none peer-disabled:cursor-not-allowed\"\u001b[39m\n                    \u001b[33mdata-slot\u001b[39m=\u001b[32m\"label\"\u001b[39m\n                    \u001b[33mfor\u001b[39m=\u001b[32m\"name\"\u001b[39m\n                  \u001b[36m>\u001b[39m\n                    \u001b[0mImię i nazwisko *\u001b[0m\n                  \u001b[36m</label>\u001b[39m\n                  \u001b[36m<input\u001b[39m\n                    \u001b[33maria-invalid\u001b[39m=\u001b[32m\"false\"\u001b[39m\n                    \u001b[33maria-required\u001b[39m=\u001b[32m\"true\"\u001b[39m\n                    \u001b[33mautocomplete\u001b[39m=\u001b[32m\"name\"\u001b[39m\n                    \u001b[33mclass\u001b[39m=\u001b[32m\"dark:bg-input/30 border-input focus-visible:border-ring focus-visible:ring-ring/50 aria-invalid:ring-destructive/20 dark:aria-invalid:ring-destructive/40 aria-invalid:border-destructive dark:aria-invalid:border-destructive/50 h-9 rounded-md border bg-transparent px-2.5 py-1 text-base shadow-xs transition-[color,box-shadow] file:h-7 file:text-sm file:font-medium focus-visible:ring-3 aria-invalid:ring-3 md:text-sm file:text-foreground placeholder:text-muted-foreground min-w-0 outline-none file:inline-flex file:border-0 file:bg-transparent disabled:pointer-events-none disabled:cursor-not-allowed disabled:opacity-50 w-full\"\u001b[39m\n                    \u001b[33mdata-slot\u001b[39m=\u001b[32m\"input\"\u001b[39m\n                    \u001b[33mid\u001b[39m=\u001b[32m\"name\"\u001b[39m\n                    \u001b[33mname\u001b[39m=\u001b[32m\"name\"\u001b[39m\n                    \u001b[33...\n    at waitForWrapper (/home/jpietrzyk/dev/front/tuus-imago/node_modules/.pnpm/@testing-library+dom@10.4.1/node_modules/@testing-library/dom/dist/wait-for.js:163:27)\n    at /home/jpietrzyk/dev/front/tuus-imago/node_modules/.pnpm/@testing-library+dom@10.4.1/node_modules/@testing-library/dom/dist/query-helpers.js:86:33\n    at fillRequiredFields (/home/jpietrzyk/dev/front/tuus-imago/src/pages/checkout.test.tsx:70:20)\n    at /home/jpietrzyk/dev/front/tuus-imago/src/pages/checkout.test.tsx:199:5\n    at file:///home/jpietrzyk/dev/front/tuus-imago/node_modules/.pnpm/@vitest+runner@4.0.18/node_modules/@vitest/runner/dist/index.js:915:20"],"meta":{}},{"ancestorTitles":["CheckoutPage"],"fullName":"CheckoutPage shows inline error on blur for empty required name field","status":"passed","title":"shows inline error on blur for empty required name field","duration":146.70645100000002,"failureMessages":[],"meta":{}},{"ancestorTitles":["CheckoutPage"],"fullName":"CheckoutPage shows inline error on blur for empty email field","status":"passed","title":"shows inline error on blur for empty email field","duration":145.05490400000053,"failureMessages":[],"meta":{}},{"ancestorTitles":["CheckoutPage"],"fullName":"CheckoutPage shows inline error on blur for invalid email format","status":"passed","title":"shows inline error on blur for invalid email format","duration":375.2586700000011,"failureMessages":[],"meta":{}},{"ancestorTitles":["CheckoutPage"],"fullName":"CheckoutPage shows all required field errors simultaneously on empty submit","status":"failed","title":"shows all required field errors simultaneously on empty submit","duration":1076.3769150000007,"failureMessages":["Error: Unable to find an element with the text: Proszę wprowadzić swoje imię i nazwisko. This could be because the text is broken up by multiple elements. In this case, you can provide a function for your text matcher to make your matcher more flexible.\n\nIgnored nodes: comments, script, style\n\u001b[36m<body>\u001b[39m\n  \u001b[36m<div>\u001b[39m\n    \u001b[36m<div\u001b[39m\n      \u001b[33mclass\u001b[39m=\u001b[32m\"min-h-screen bg-gray-50\"\u001b[39m\n    \u001b[36m>\u001b[39m\n      \u001b[36m<div\u001b[39m\n        \u001b[33mclass\u001b[39m=\u001b[32m\"max-w-4xl mx-auto px-4 py-8\"\u001b[39m\n      \u001b[36m>\u001b[39m\n        \u001b[36m<button\u001b[39m\n          \u001b[33mclass\u001b[39m=\u001b[32m\"inline-flex items-center text-sm text-blue-600 hover:text-blue-800 transition-colors mb-6\"\u001b[39m\n          \u001b[33mtype\u001b[39m=\u001b[32m\"button\"\u001b[39m\n        \u001b[36m>\u001b[39m\n          \u001b[0m← Powrót do przesyłania\u001b[0m\n        \u001b[36m</button>\u001b[39m\n        \u001b[36m<div\u001b[39m\n          \u001b[33mclass\u001b[39m=\u001b[32m\"mb-8 text-center\"\u001b[39m\n        \u001b[36m>\u001b[39m\n          \u001b[36m<h1\u001b[39m\n            \u001b[33mclass\u001b[39m=\u001b[32m\"text-4xl font-bold text-gray-900 mb-2 flex items-center justify-center gap-2\"\u001b[39m\n          \u001b[36m>\u001b[39m\n            \u001b[36m<svg\u001b[39m\n              \u001b[33maria-hidden\u001b[39m=\u001b[32m\"true\"\u001b[39m\n              \u001b[33mclass\u001b[39m=\u001b[32m\"lucide lucide-shopping-bag h-10 w-10 text-blue-600\"\u001b[39m\n              \u001b[33mfill\u001b[39m=\u001b[32m\"none\"\u001b[39m\n              \u001b[33mheight\u001b[39m=\u001b[32m\"24\"\u001b[39m\n              \u001b[33mstroke\u001b[39m=\u001b[32m\"currentColor\"\u001b[39m\n              \u001b[33mstroke-linecap\u001b[39m=\u001b[32m\"round\"\u001b[39m\n              \u001b[33mstroke-linejoin\u001b[39m=\u001b[32m\"round\"\u001b[39m\n              \u001b[33mstroke-width\u001b[39m=\u001b[32m\"2\"\u001b[39m\n              \u001b[33mviewBox\u001b[39m=\u001b[32m\"0 0 24 24\"\u001b[39m\n              \u001b[33mwidth\u001b[39m=\u001b[32m\"24\"\u001b[39m\n              \u001b[33mxmlns\u001b[39m=\u001b[32m\"http://www.w3.org/2000/svg\"\u001b[39m\n            \u001b[36m>\u001b[39m\n              \u001b[36m<path\u001b[39m\n                \u001b[33md\u001b[39m=\u001b[32m\"M16 10a4 4 0 0 1-8 0\"\u001b[39m\n              \u001b[36m/>\u001b[39m\n              \u001b[36m<path\u001b[39m\n                \u001b[33md\u001b[39m=\u001b[32m\"M3.103 6.034h17.794\"\u001b[39m\n              \u001b[36m/>\u001b[39m\n              \u001b[36m<path\u001b[39m\n                \u001b[33md\u001b[39m=\u001b[32m\"M3.4 5.467a2 2 0 0 0-.4 1.2V20a2 2 0 0 0 2 2h14a2 2 0 0 0 2-2V6.667a2 2 0 0 0-.4-1.2l-2-2.667A2 2 0 0 0 17 2H7a2 2 0 0 0-1.6.8z\"\u001b[39m\n              \u001b[36m/>\u001b[39m\n            \u001b[36m</svg>\u001b[39m\n            \u001b[0mZamówienie\u001b[0m\n          \u001b[36m</h1>\u001b[39m\n          \u001b[36m<p\u001b[39m\n            \u001b[33mclass\u001b[39m=\u001b[32m\"text-lg text-gray-600\"\u001b[39m\n          \u001b[36m>\u001b[39m\n            \u001b[0mUzupełnij szczegóły zamówienia\u001b[0m\n          \u001b[36m</p>\u001b[39m\n        \u001b[36m</div>\u001b[39m\n        \u001b[36m<div\u001b[39m\n          \u001b[33mclass\u001b[39m=\u001b[32m\"ring-foreground/10 bg-card text-card-foreground gap-6 overflow-hidden rounded-xl py-4 text-sm shadow-xs ring-1 has-[>img:first-child]:pt-0 data-[size=sm]:gap-4 data-[size=sm]:py-3 *:[img:first-child]:rounded-t-xl *:[img:last-child]:rounded-b-xl group/card flex flex-col max-w-2xl mx-auto\"\u001b[39m\n          \u001b[33mdata-size\u001b[39m=\u001b[32m\"default\"\u001b[39m\n          \u001b[33mdata-slot\u001b[39m=\u001b[32m\"card\"\u001b[39m\n        \u001b[36m>\u001b[39m\n          \u001b[36m<div\u001b[39m\n            \u001b[33mclass\u001b[39m=\u001b[32m\"gap-1 rounded-t-xl px-6 group-data-[size=sm]/card:px-4 [.border-b]:pb-6 group-data-[size=sm]/card:[.border-b]:pb-4 group/card-header @container/card-header grid auto-rows-min items-start has-data-[slot=card-action]:grid-cols-[1fr_auto] has-data-[slot=card-description]:grid-rows-[auto_auto]\"\u001b[39m\n            \u001b[33mdata-slot\u001b[39m=\u001b[32m\"card-header\"\u001b[39m\n          \u001b[36m>\u001b[39m\n            \u001b[36m<div\u001b[39m\n              \u001b[33mclass\u001b[39m=\u001b[32m\"text-base leading-normal font-medium group-data-[size=sm]/card:text-sm\"\u001b[39m\n              \u001b[33mdata-slot\u001b[39m=\u001b[32m\"card-title\"\u001b[39m\n            \u001b[36m>\u001b[39m\n              \u001b[0mInformacje o wysyłce\u001b[0m\n            \u001b[36m</div>\u001b[39m\n          \u001b[36m</div>\u001b[39m\n          \u001b[36m<div\u001b[39m\n            \u001b[33mclass\u001b[39m=\u001b[32m\"px-6 group-data-[size=sm]/card:px-4\"\u001b[39m\n            \u001b[33mdata-slot\u001b[39m=\u001b[32m\"card-content\"\u001b[39m\n          \u001b[36m>\u001b[39m\n            \u001b[36m<form\u001b[39m\n              \u001b[33mclass\u001b[39m=\u001b[32m\"space-y-6\"\u001b[39m\n              \u001b[33mnovalidate\u001b[39m=\u001b[32m\"\"\u001b[39m\n            \u001b[36m>\u001b[39m\n              \u001b[36m<fieldset\u001b[39m\n                \u001b[33mclass\u001b[39m=\u001b[32m\"space-y-4\"\u001b[39m\n              \u001b[36m>\u001b[39m\n                \u001b[36m<legend\u001b[39m\n                  \u001b[33mclass\u001b[39m=\u001b[32m\"text-lg font-semibold text-gray-900 flex items-center gap-2 w-full\"\u001b[39m\n                \u001b[36m>\u001b[39m\n                  \u001b[36m<svg\u001b[39m\n                    \u001b[33maria-hidden\u001b[39m=\u001b[32m\"true\"\u001b[39m\n                    \u001b[33mclass\u001b[39m=\u001b[32m\"lucide lucide-user h-5 w-5 text-blue-600\"\u001b[39m\n                    \u001b[33mfill\u001b[39m=\u001b[32m\"none\"\u001b[39m\n                    \u001b[33mheight\u001b[39m=\u001b[32m\"24\"\u001b[39m\n                    \u001b[33mstroke\u001b[39m=\u001b[32m\"currentColor\"\u001b[39m\n                    \u001b[33mstroke-linecap\u001b[39m=\u001b[32m\"round\"\u001b[39m\n                    \u001b[33mstroke-linejoin\u001b[39m=\u001b[32m\"round\"\u001b[39m\n                    \u001b[33mstroke-width\u001b[39m=\u001b[32m\"2\"\u001b[39m\n                    \u001b[33mviewBox\u001b[39m=\u001b[32m\"0 0 24 24\"\u001b[39m\n                    \u001b[33mwidth\u001b[39m=\u001b[32m\"24\"\u001b[39m\n                    \u001b[33mxmlns\u001b[39m=\u001b[32m\"http://www.w3.org/2000/svg\"\u001b[39m\n                  \u001b[36m>\u001b[39m\n                    \u001b[36m<path\u001b[39m\n                      \u001b[33md\u001b[39m=\u001b[32m\"M19 21v-2a4 4 0 0 0-4-4H9a4 4 0 0 0-4 4v2\"\u001b[39m\n                    \u001b[36m/>\u001b[39m\n                    \u001b[36m<circle\u001b[39m\n                      \u001b[33mcx\u001b[39m=\u001b[32m\"12\"\u001b[39m\n                      \u001b[33mcy\u001b[39m=\u001b[32m\"7\"\u001b[39m\n                      \u001b[33mr\u001b[39m=\u001b[32m\"4\"\u001b[39m\n                    \u001b[36m/>\u001b[39m\n                  \u001b[36m</svg>\u001b[39m\n                  \u001b[0mInformacje osobowe\u001b[0m\n                \u001b[36m</legend>\u001b[39m\n                \u001b[36m<div\u001b[39m\n                  \u001b[33mclass\u001b[39m=\u001b[32m\"space-y-2\"\u001b[39m\n                \u001b[36m>\u001b[39m\n                  \u001b[36m<label\u001b[39m\n                    \u001b[33mclass\u001b[39m=\u001b[32m\"gap-2 text-sm leading-none font-medium group-data-[disabled=true]:opacity-50 peer-disabled:opacity-50 flex items-center select-none group-data-[disabled=true]:pointer-events-none peer-disabled:cursor-not-allowed\"\u001b[39m\n                    \u001b[33mdata-slot\u001b[39m=\u001b[32m\"label\"\u001b[39m\n                    \u001b[33mfor\u001b[39m=\u001b[32m\"name\"\u001b[39m\n                  \u001b[36m>\u001b[39m\n                    \u001b[0mImię i nazwisko *\u001b[0m\n                  \u001b[36m</label>\u001b[39m\n                  \u001b[36m<input\u001b[39m\n                    \u001b[33maria-invalid\u001b[39m=\u001b[32m\"false\"\u001b[39m\n                    \u001b[33maria-required\u001b[39m=\u001b[32m\"true\"\u001b[39m\n                    \u001b[33mautocomplete\u001b[39m=\u001b[32m\"name\"\u001b[39m\n                    \u001b[33mclass\u001b[39m=\u001b[32m\"dark:bg-input/30 border-input focus-visible:border-ring focus-visible:ring-ring/50 aria-invalid:ring-destructive/20 dark:aria-invalid:ring-destructive/40 aria-invalid:border-destructive dark:aria-invalid:border-destructive/50 h-9 rounded-md border bg-transparent px-2.5 py-1 text-base shadow-xs transition-[color,box-shadow] file:h-7 file:text-sm file:font-medium focus-visible:ring-3 aria-invalid:ring-3 md:text-sm file:text-foreground placeholder:text-muted-foreground min-w-0 outline-none file:inline-flex file:border-0 file:bg-transparent disabled:pointer-events-none disabled:cursor-not-allowed disabled:opacity-50 w-full\"\u001b[39m\n                    \u001b[33mdata-slot\u001b[39m=\u001b[32m\"input\"\u001b[39m\n                    \u001b[33mid\u001b[39m=\u001b[32m\"name\"\u001b[39m\n                    \u001b[33mname\u001b[39m=\u001b[32m\"name\"\u001b[39m\n                    \u001b[33...\n    at waitForWrapper (/home/jpietrzyk/dev/front/tuus-imago/node_modules/.pnpm/@testing-library+dom@10.4.1/node_modules/@testing-library/dom/dist/wait-for.js:163:27)\n    at /home/jpietrzyk/dev/front/tuus-imago/src/pages/checkout.test.tsx:235:11\n    at file:///home/jpietrzyk/dev/front/tuus-imago/node_modules/.pnpm/@vitest+runner@4.0.18/node_modules/@vitest/runner/dist/index.js:915:20"],"meta":{}},{"ancestorTitles":["CheckoutPage"],"fullName":"CheckoutPage shows required field indicator for name","status":"passed","title":"shows required field indicator for name","duration":72.11024799999905,"failureMessages":[],"meta":{}},{"ancestorTitles":["CheckoutPage"],"fullName":"CheckoutPage shows required field indicator for address","status":"passed","title":"shows required field indicator for address","duration":71.75303200000053,"failureMessages":[],"meta":{}},{"ancestorTitles":["CheckoutPage"],"fullName":"CheckoutPage disables inputs during submission","status":"failed","title":"disables inputs during submission","duration":2290.4336490000005,"failureMessages":["Error: Unable to find role=\"option\" and name \"Poland\"\n\nIgnored nodes: comments, script, style\n\u001b[36m<body>\u001b[39m\n  \u001b[36m<div>\u001b[39m\n    \u001b[36m<div\u001b[39m\n      \u001b[33mclass\u001b[39m=\u001b[32m\"min-h-screen bg-gray-50\"\u001b[39m\n    \u001b[36m>\u001b[39m\n      \u001b[36m<div\u001b[39m\n        \u001b[33mclass\u001b[39m=\u001b[32m\"max-w-4xl mx-auto px-4 py-8\"\u001b[39m\n      \u001b[36m>\u001b[39m\n        \u001b[36m<button\u001b[39m\n          \u001b[33mclass\u001b[39m=\u001b[32m\"inline-flex items-center text-sm text-blue-600 hover:text-blue-800 transition-colors mb-6\"\u001b[39m\n          \u001b[33mtype\u001b[39m=\u001b[32m\"button\"\u001b[39m\n        \u001b[36m>\u001b[39m\n          \u001b[0m← Powrót do przesyłania\u001b[0m\n        \u001b[36m</button>\u001b[39m\n        \u001b[36m<div\u001b[39m\n          \u001b[33mclass\u001b[39m=\u001b[32m\"mb-8 text-center\"\u001b[39m\n        \u001b[36m>\u001b[39m\n          \u001b[36m<h1\u001b[39m\n            \u001b[33mclass\u001b[39m=\u001b[32m\"text-4xl font-bold text-gray-900 mb-2 flex items-center justify-center gap-2\"\u001b[39m\n          \u001b[36m>\u001b[39m\n            \u001b[36m<svg\u001b[39m\n              \u001b[33maria-hidden\u001b[39m=\u001b[32m\"true\"\u001b[39m\n              \u001b[33mclass\u001b[39m=\u001b[32m\"lucide lucide-shopping-bag h-10 w-10 text-blue-600\"\u001b[39m\n              \u001b[33mfill\u001b[39m=\u001b[32m\"none\"\u001b[39m\n              \u001b[33mheight\u001b[39m=\u001b[32m\"24\"\u001b[39m\n              \u001b[33mstroke\u001b[39m=\u001b[32m\"currentColor\"\u001b[39m\n              \u001b[33mstroke-linecap\u001b[39m=\u001b[32m\"round\"\u001b[39m\n              \u001b[33mstroke-linejoin\u001b[39m=\u001b[32m\"round\"\u001b[39m\n              \u001b[33mstroke-width\u001b[39m=\u001b[32m\"2\"\u001b[39m\n              \u001b[33mviewBox\u001b[39m=\u001b[32m\"0 0 24 24\"\u001b[39m\n              \u001b[33mwidth\u001b[39m=\u001b[32m\"24\"\u001b[39m\n              \u001b[33mxmlns\u001b[39m=\u001b[32m\"http://www.w3.org/2000/svg\"\u001b[39m\n            \u001b[36m>\u001b[39m\n              \u001b[36m<path\u001b[39m\n                \u001b[33md\u001b[39m=\u001b[32m\"M16 10a4 4 0 0 1-8 0\"\u001b[39m\n              \u001b[36m/>\u001b[39m\n              \u001b[36m<path\u001b[39m\n                \u001b[33md\u001b[39m=\u001b[32m\"M3.103 6.034h17.794\"\u001b[39m\n              \u001b[36m/>\u001b[39m\n              \u001b[36m<path\u001b[39m\n                \u001b[33md\u001b[39m=\u001b[32m\"M3.4 5.467a2 2 0 0 0-.4 1.2V20a2 2 0 0 0 2 2h14a2 2 0 0 0 2-2V6.667a2 2 0 0 0-.4-1.2l-2-2.667A2 2 0 0 0 17 2H7a2 2 0 0 0-1.6.8z\"\u001b[39m\n              \u001b[36m/>\u001b[39m\n            \u001b[36m</svg>\u001b[39m\n            \u001b[0mZamówienie\u001b[0m\n          \u001b[36m</h1>\u001b[39m\n          \u001b[36m<p\u001b[39m\n            \u001b[33mclass\u001b[39m=\u001b[32m\"text-lg text-gray-600\"\u001b[39m\n          \u001b[36m>\u001b[39m\n            \u001b[0mUzupełnij szczegóły zamówienia\u001b[0m\n          \u001b[36m</p>\u001b[39m\n        \u001b[36m</div>\u001b[39m\n        \u001b[36m<div\u001b[39m\n          \u001b[33mclass\u001b[39m=\u001b[32m\"ring-foreground/10 bg-card text-card-foreground gap-6 overflow-hidden rounded-xl py-4 text-sm shadow-xs ring-1 has-[>img:first-child]:pt-0 data-[size=sm]:gap-4 data-[size=sm]:py-3 *:[img:first-child]:rounded-t-xl *:[img:last-child]:rounded-b-xl group/card flex flex-col max-w-2xl mx-auto\"\u001b[39m\n          \u001b[33mdata-size\u001b[39m=\u001b[32m\"default\"\u001b[39m\n          \u001b[33mdata-slot\u001b[39m=\u001b[32m\"card\"\u001b[39m\n        \u001b[36m>\u001b[39m\n          \u001b[36m<div\u001b[39m\n            \u001b[33mclass\u001b[39m=\u001b[32m\"gap-1 rounded-t-xl px-6 group-data-[size=sm]/card:px-4 [.border-b]:pb-6 group-data-[size=sm]/card:[.border-b]:pb-4 group/card-header @container/card-header grid auto-rows-min items-start has-data-[slot=card-action]:grid-cols-[1fr_auto] has-data-[slot=card-description]:grid-rows-[auto_auto]\"\u001b[39m\n            \u001b[33mdata-slot\u001b[39m=\u001b[32m\"card-header\"\u001b[39m\n          \u001b[36m>\u001b[39m\n            \u001b[36m<div\u001b[39m\n              \u001b[33mclass\u001b[39m=\u001b[32m\"text-base leading-normal font-medium group-data-[size=sm]/card:text-sm\"\u001b[39m\n              \u001b[33mdata-slot\u001b[39m=\u001b[32m\"card-title\"\u001b[39m\n            \u001b[36m>\u001b[39m\n              \u001b[0mInformacje o wysyłce\u001b[0m\n            \u001b[36m</div>\u001b[39m\n          \u001b[36m</div>\u001b[39m\n          \u001b[36m<div\u001b[39m\n            \u001b[33mclass\u001b[39m=\u001b[32m\"px-6 group-data-[size=sm]/card:px-4\"\u001b[39m\n            \u001b[33mdata-slot\u001b[39m=\u001b[32m\"card-content\"\u001b[39m\n          \u001b[36m>\u001b[39m\n            \u001b[36m<form\u001b[39m\n              \u001b[33mclass\u001b[39m=\u001b[32m\"space-y-6\"\u001b[39m\n              \u001b[33mnovalidate\u001b[39m=\u001b[32m\"\"\u001b[39m\n            \u001b[36m>\u001b[39m\n              \u001b[36m<fieldset\u001b[39m\n                \u001b[33mclass\u001b[39m=\u001b[32m\"space-y-4\"\u001b[39m\n              \u001b[36m>\u001b[39m\n                \u001b[36m<legend\u001b[39m\n                  \u001b[33mclass\u001b[39m=\u001b[32m\"text-lg font-semibold text-gray-900 flex items-center gap-2 w-full\"\u001b[39m\n                \u001b[36m>\u001b[39m\n                  \u001b[36m<svg\u001b[39m\n                    \u001b[33maria-hidden\u001b[39m=\u001b[32m\"true\"\u001b[39m\n                    \u001b[33mclass\u001b[39m=\u001b[32m\"lucide lucide-user h-5 w-5 text-blue-600\"\u001b[39m\n                    \u001b[33mfill\u001b[39m=\u001b[32m\"none\"\u001b[39m\n                    \u001b[33mheight\u001b[39m=\u001b[32m\"24\"\u001b[39m\n                    \u001b[33mstroke\u001b[39m=\u001b[32m\"currentColor\"\u001b[39m\n                    \u001b[33mstroke-linecap\u001b[39m=\u001b[32m\"round\"\u001b[39m\n                    \u001b[33mstroke-linejoin\u001b[39m=\u001b[32m\"round\"\u001b[39m\n                    \u001b[33mstroke-width\u001b[39m=\u001b[32m\"2\"\u001b[39m\n                    \u001b[33mviewBox\u001b[39m=\u001b[32m\"0 0 24 24\"\u001b[39m\n                    \u001b[33mwidth\u001b[39m=\u001b[32m\"24\"\u001b[39m\n                    \u001b[33mxmlns\u001b[39m=\u001b[32m\"http://www.w3.org/2000/svg\"\u001b[39m\n                  \u001b[36m>\u001b[39m\n                    \u001b[36m<path\u001b[39m\n                      \u001b[33md\u001b[39m=\u001b[32m\"M19 21v-2a4 4 0 0 0-4-4H9a4 4 0 0 0-4 4v2\"\u001b[39m\n                    \u001b[36m/>\u001b[39m\n                    \u001b[36m<circle\u001b[39m\n                      \u001b[33mcx\u001b[39m=\u001b[32m\"12\"\u001b[39m\n                      \u001b[33mcy\u001b[39m=\u001b[32m\"7\"\u001b[39m\n                      \u001b[33mr\u001b[39m=\u001b[32m\"4\"\u001b[39m\n                    \u001b[36m/>\u001b[39m\n                  \u001b[36m</svg>\u001b[39m\n                  \u001b[0mInformacje osobowe\u001b[0m\n                \u001b[36m</legend>\u001b[39m\n                \u001b[36m<div\u001b[39m\n                  \u001b[33mclass\u001b[39m=\u001b[32m\"space-y-2\"\u001b[39m\n                \u001b[36m>\u001b[39m\n                  \u001b[36m<label\u001b[39m\n                    \u001b[33mclass\u001b[39m=\u001b[32m\"gap-2 text-sm leading-none font-medium group-data-[disabled=true]:opacity-50 peer-disabled:opacity-50 flex items-center select-none group-data-[disabled=true]:pointer-events-none peer-disabled:cursor-not-allowed\"\u001b[39m\n                    \u001b[33mdata-slot\u001b[39m=\u001b[32m\"label\"\u001b[39m\n                    \u001b[33mfor\u001b[39m=\u001b[32m\"name\"\u001b[39m\n                  \u001b[36m>\u001b[39m\n                    \u001b[0mImię i nazwisko *\u001b[0m\n                  \u001b[36m</label>\u001b[39m\n                  \u001b[36m<input\u001b[39m\n                    \u001b[33maria-invalid\u001b[39m=\u001b[32m\"false\"\u001b[39m\n                    \u001b[33maria-required\u001b[39m=\u001b[32m\"true\"\u001b[39m\n                    \u001b[33mautocomplete\u001b[39m=\u001b[32m\"name\"\u001b[39m\n                    \u001b[33mclass\u001b[39m=\u001b[32m\"dark:bg-input/30 border-input focus-visible:border-ring focus-visible:ring-ring/50 aria-invalid:ring-destructive/20 dark:aria-invalid:ring-destructive/40 aria-invalid:border-destructive dark:aria-invalid:border-destructive/50 h-9 rounded-md border bg-transparent px-2.5 py-1 text-base shadow-xs transition-[color,box-shadow] file:h-7 file:text-sm file:font-medium focus-visible:ring-3 aria-invalid:ring-3 md:text-sm file:text-foreground placeholder:text-muted-foreground min-w-0 outline-none file:inline-flex file:border-0 file:bg-transparent disabled:pointer-events-none disabled:cursor-not-allowed disabled:opacity-50 w-full\"\u001b[39m\n                    \u001b[33mdata-slot\u001b[39m=\u001b[32m\"input\"\u001b[39m\n                    \u001b[33mid\u001b[39m=\u001b[32m\"name\"\u001b[39m\n                    \u001b[33mname\u001b[39m=\u001b[32m\"name\"\u001b[39m\n                    \u001b[33...\n    at waitForWrapper (/home/jpietrzyk/dev/front/tuus-imago/node_modules/.pnpm/@testing-library+dom@10.4.1/node_modules/@testing-library/dom/dist/wait-for.js:163:27)\n    at /home/jpietrzyk/dev/front/tuus-imago/node_modules/.pnpm/@testing-library+dom@10.4.1/node_modules/@testing-library/dom/dist/query-helpers.js:86:33\n    at fillRequiredFields (/home/jpietrzyk/dev/front/tuus-imago/src/pages/checkout.test.tsx:70:20)\n    at /home/jpietrzyk/dev/front/tuus-imago/src/pages/checkout.test.tsx:258:5\n    at file:///home/jpietrzyk/dev/front/tuus-imago/node_modules/.pnpm/@vitest+runner@4.0.18/node_modules/@vitest/runner/dist/index.js:915:20"],"meta":{}},{"ancestorTitles":["CheckoutPage"],"fullName":"CheckoutPage renders help text","status":"passed","title":"renders help text","duration":64.54032000000007,"failureMessages":[],"meta":{}},{"ancestorTitles":["CheckoutPage"],"fullName":"CheckoutPage shows success screen with order number after valid submission","status":"failed","title":"shows success screen with order number after valid submission","duration":2391.3401569999987,"failureMessages":["Error: Unable to find role=\"option\" and name \"Poland\"\n\nIgnored nodes: comments, script, style\n\u001b[36m<body>\u001b[39m\n  \u001b[36m<div>\u001b[39m\n    \u001b[36m<div\u001b[39m\n      \u001b[33mclass\u001b[39m=\u001b[32m\"min-h-screen bg-gray-50\"\u001b[39m\n    \u001b[36m>\u001b[39m\n      \u001b[36m<div\u001b[39m\n        \u001b[33mclass\u001b[39m=\u001b[32m\"max-w-4xl mx-auto px-4 py-8\"\u001b[39m\n      \u001b[36m>\u001b[39m\n        \u001b[36m<button\u001b[39m\n          \u001b[33mclass\u001b[39m=\u001b[32m\"inline-flex items-center text-sm text-blue-600 hover:text-blue-800 transition-colors mb-6\"\u001b[39m\n          \u001b[33mtype\u001b[39m=\u001b[32m\"button\"\u001b[39m\n        \u001b[36m>\u001b[39m\n          \u001b[0m← Powrót do przesyłania\u001b[0m\n        \u001b[36m</button>\u001b[39m\n        \u001b[36m<div\u001b[39m\n          \u001b[33mclass\u001b[39m=\u001b[32m\"mb-8 text-center\"\u001b[39m\n        \u001b[36m>\u001b[39m\n          \u001b[36m<h1\u001b[39m\n            \u001b[33mclass\u001b[39m=\u001b[32m\"text-4xl font-bold text-gray-900 mb-2 flex items-center justify-center gap-2\"\u001b[39m\n          \u001b[36m>\u001b[39m\n            \u001b[36m<svg\u001b[39m\n              \u001b[33maria-hidden\u001b[39m=\u001b[32m\"true\"\u001b[39m\n              \u001b[33mclass\u001b[39m=\u001b[32m\"lucide lucide-shopping-bag h-10 w-10 text-blue-600\"\u001b[39m\n              \u001b[33mfill\u001b[39m=\u001b[32m\"none\"\u001b[39m\n              \u001b[33mheight\u001b[39m=\u001b[32m\"24\"\u001b[39m\n              \u001b[33mstroke\u001b[39m=\u001b[32m\"currentColor\"\u001b[39m\n              \u001b[33mstroke-linecap\u001b[39m=\u001b[32m\"round\"\u001b[39m\n              \u001b[33mstroke-linejoin\u001b[39m=\u001b[32m\"round\"\u001b[39m\n              \u001b[33mstroke-width\u001b[39m=\u001b[32m\"2\"\u001b[39m\n              \u001b[33mviewBox\u001b[39m=\u001b[32m\"0 0 24 24\"\u001b[39m\n              \u001b[33mwidth\u001b[39m=\u001b[32m\"24\"\u001b[39m\n              \u001b[33mxmlns\u001b[39m=\u001b[32m\"http://www.w3.org/2000/svg\"\u001b[39m\n            \u001b[36m>\u001b[39m\n              \u001b[36m<path\u001b[39m\n                \u001b[33md\u001b[39m=\u001b[32m\"M16 10a4 4 0 0 1-8 0\"\u001b[39m\n              \u001b[36m/>\u001b[39m\n              \u001b[36m<path\u001b[39m\n                \u001b[33md\u001b[39m=\u001b[32m\"M3.103 6.034h17.794\"\u001b[39m\n              \u001b[36m/>\u001b[39m\n              \u001b[36m<path\u001b[39m\n                \u001b[33md\u001b[39m=\u001b[32m\"M3.4 5.467a2 2 0 0 0-.4 1.2V20a2 2 0 0 0 2 2h14a2 2 0 0 0 2-2V6.667a2 2 0 0 0-.4-1.2l-2-2.667A2 2 0 0 0 17 2H7a2 2 0 0 0-1.6.8z\"\u001b[39m\n              \u001b[36m/>\u001b[39m\n            \u001b[36m</svg>\u001b[39m\n            \u001b[0mZamówienie\u001b[0m\n          \u001b[36m</h1>\u001b[39m\n          \u001b[36m<p\u001b[39m\n            \u001b[33mclass\u001b[39m=\u001b[32m\"text-lg text-gray-600\"\u001b[39m\n          \u001b[36m>\u001b[39m\n            \u001b[0mUzupełnij szczegóły zamówienia\u001b[0m\n          \u001b[36m</p>\u001b[39m\n        \u001b[36m</div>\u001b[39m\n        \u001b[36m<div\u001b[39m\n          \u001b[33mclass\u001b[39m=\u001b[32m\"ring-foreground/10 bg-card text-card-foreground gap-6 overflow-hidden rounded-xl py-4 text-sm shadow-xs ring-1 has-[>img:first-child]:pt-0 data-[size=sm]:gap-4 data-[size=sm]:py-3 *:[img:first-child]:rounded-t-xl *:[img:last-child]:rounded-b-xl group/card flex flex-col max-w-2xl mx-auto\"\u001b[39m\n          \u001b[33mdata-size\u001b[39m=\u001b[32m\"default\"\u001b[39m\n          \u001b[33mdata-slot\u001b[39m=\u001b[32m\"card\"\u001b[39m\n        \u001b[36m>\u001b[39m\n          \u001b[36m<div\u001b[39m\n            \u001b[33mclass\u001b[39m=\u001b[32m\"gap-1 rounded-t-xl px-6 group-data-[size=sm]/card:px-4 [.border-b]:pb-6 group-data-[size=sm]/card:[.border-b]:pb-4 group/card-header @container/card-header grid auto-rows-min items-start has-data-[slot=card-action]:grid-cols-[1fr_auto] has-data-[slot=card-description]:grid-rows-[auto_auto]\"\u001b[39m\n            \u001b[33mdata-slot\u001b[39m=\u001b[32m\"card-header\"\u001b[39m\n          \u001b[36m>\u001b[39m\n            \u001b[36m<div\u001b[39m\n              \u001b[33mclass\u001b[39m=\u001b[32m\"text-base leading-normal font-medium group-data-[size=sm]/card:text-sm\"\u001b[39m\n              \u001b[33mdata-slot\u001b[39m=\u001b[32m\"card-title\"\u001b[39m\n            \u001b[36m>\u001b[39m\n              \u001b[0mInformacje o wysyłce\u001b[0m\n            \u001b[36m</div>\u001b[39m\n          \u001b[36m</div>\u001b[39m\n          \u001b[36m<div\u001b[39m\n            \u001b[33mclass\u001b[39m=\u001b[32m\"px-6 group-data-[size=sm]/card:px-4\"\u001b[39m\n            \u001b[33mdata-slot\u001b[39m=\u001b[32m\"card-content\"\u001b[39m\n          \u001b[36m>\u001b[39m\n            \u001b[36m<form\u001b[39m\n              \u001b[33mclass\u001b[39m=\u001b[32m\"space-y-6\"\u001b[39m\n              \u001b[33mnovalidate\u001b[39m=\u001b[32m\"\"\u001b[39m\n            \u001b[36m>\u001b[39m\n              \u001b[36m<fieldset\u001b[39m\n                \u001b[33mclass\u001b[39m=\u001b[32m\"space-y-4\"\u001b[39m\n              \u001b[36m>\u001b[39m\n                \u001b[36m<legend\u001b[39m\n                  \u001b[33mclass\u001b[39m=\u001b[32m\"text-lg font-semibold text-gray-900 flex items-center gap-2 w-full\"\u001b[39m\n                \u001b[36m>\u001b[39m\n                  \u001b[36m<svg\u001b[39m\n                    \u001b[33maria-hidden\u001b[39m=\u001b[32m\"true\"\u001b[39m\n                    \u001b[33mclass\u001b[39m=\u001b[32m\"lucide lucide-user h-5 w-5 text-blue-600\"\u001b[39m\n                    \u001b[33mfill\u001b[39m=\u001b[32m\"none\"\u001b[39m\n                    \u001b[33mheight\u001b[39m=\u001b[32m\"24\"\u001b[39m\n                    \u001b[33mstroke\u001b[39m=\u001b[32m\"currentColor\"\u001b[39m\n                    \u001b[33mstroke-linecap\u001b[39m=\u001b[32m\"round\"\u001b[39m\n                    \u001b[33mstroke-linejoin\u001b[39m=\u001b[32m\"round\"\u001b[39m\n                    \u001b[33mstroke-width\u001b[39m=\u001b[32m\"2\"\u001b[39m\n                    \u001b[33mviewBox\u001b[39m=\u001b[32m\"0 0 24 24\"\u001b[39m\n                    \u001b[33mwidth\u001b[39m=\u001b[32m\"24\"\u001b[39m\n                    \u001b[33mxmlns\u001b[39m=\u001b[32m\"http://www.w3.org/2000/svg\"\u001b[39m\n                  \u001b[36m>\u001b[39m\n                    \u001b[36m<path\u001b[39m\n                      \u001b[33md\u001b[39m=\u001b[32m\"M19 21v-2a4 4 0 0 0-4-4H9a4 4 0 0 0-4 4v2\"\u001b[39m\n                    \u001b[36m/>\u001b[39m\n                    \u001b[36m<circle\u001b[39m\n                      \u001b[33mcx\u001b[39m=\u001b[32m\"12\"\u001b[39m\n                      \u001b[33mcy\u001b[39m=\u001b[32m\"7\"\u001b[39m\n                      \u001b[33mr\u001b[39m=\u001b[32m\"4\"\u001b[39m\n                    \u001b[36m/>\u001b[39m\n                  \u001b[36m</svg>\u001b[39m\n                  \u001b[0mInformacje osobowe\u001b[0m\n                \u001b[36m</legend>\u001b[39m\n                \u001b[36m<div\u001b[39m\n                  \u001b[33mclass\u001b[39m=\u001b[32m\"space-y-2\"\u001b[39m\n                \u001b[36m>\u001b[39m\n                  \u001b[36m<label\u001b[39m\n                    \u001b[33mclass\u001b[39m=\u001b[32m\"gap-2 text-sm leading-none font-medium group-data-[disabled=true]:opacity-50 peer-disabled:opacity-50 flex items-center select-none group-data-[disabled=true]:pointer-events-none peer-disabled:cursor-not-allowed\"\u001b[39m\n                    \u001b[33mdata-slot\u001b[39m=\u001b[32m\"label\"\u001b[39m\n                    \u001b[33mfor\u001b[39m=\u001b[32m\"name\"\u001b[39m\n                  \u001b[36m>\u001b[39m\n                    \u001b[0mImię i nazwisko *\u001b[0m\n                  \u001b[36m</label>\u001b[39m\n                  \u001b[36m<input\u001b[39m\n                    \u001b[33maria-invalid\u001b[39m=\u001b[32m\"false\"\u001b[39m\n                    \u001b[33maria-required\u001b[39m=\u001b[32m\"true\"\u001b[39m\n                    \u001b[33mautocomplete\u001b[39m=\u001b[32m\"name\"\u001b[39m\n                    \u001b[33mclass\u001b[39m=\u001b[32m\"dark:bg-input/30 border-input focus-visible:border-ring focus-visible:ring-ring/50 aria-invalid:ring-destructive/20 dark:aria-invalid:ring-destructive/40 aria-invalid:border-destructive dark:aria-invalid:border-destructive/50 h-9 rounded-md border bg-transparent px-2.5 py-1 text-base shadow-xs transition-[color,box-shadow] file:h-7 file:text-sm file:font-medium focus-visible:ring-3 aria-invalid:ring-3 md:text-sm file:text-foreground placeholder:text-muted-foreground min-w-0 outline-none file:inline-flex file:border-0 file:bg-transparent disabled:pointer-events-none disabled:cursor-not-allowed disabled:opacity-50 w-full\"\u001b[39m\n                    \u001b[33mdata-slot\u001b[39m=\u001b[32m\"input\"\u001b[39m\n                    \u001b[33mid\u001b[39m=\u001b[32m\"name\"\u001b[39m\n                    \u001b[33mname\u001b[39m=\u001b[32m\"name\"\u001b[39m\n                    \u001b[33...\n    at waitForWrapper (/home/jpietrzyk/dev/front/tuus-imago/node_modules/.pnpm/@testing-library+dom@10.4.1/node_modules/@testing-library/dom/dist/wait-for.js:163:27)\n    at /home/jpietrzyk/dev/front/tuus-imago/node_modules/.pnpm/@testing-library+dom@10.4.1/node_modules/@testing-library/dom/dist/query-helpers.js:86:33\n    at fillRequiredFields (/home/jpietrzyk/dev/front/tuus-imago/src/pages/checkout.test.tsx:70:20)\n    at /home/jpietrzyk/dev/front/tuus-imago/src/pages/checkout.test.tsx:279:5\n    at file:///home/jpietrzyk/dev/front/tuus-imago/node_modules/.pnpm/@vitest+runner@4.0.18/node_modules/@vitest/runner/dist/index.js:915:20"],"meta":{}},{"ancestorTitles":["CheckoutPage"],"fullName":"CheckoutPage shows continue shopping button on success screen","status":"failed","title":"shows continue shopping button on success screen","duration":2662.668227000002,"failureMessages":["Error: Unable to find role=\"option\" and name \"Poland\"\n\nIgnored nodes: comments, script, style\n\u001b[36m<body>\u001b[39m\n  \u001b[36m<div>\u001b[39m\n    \u001b[36m<div\u001b[39m\n      \u001b[33mclass\u001b[39m=\u001b[32m\"min-h-screen bg-gray-50\"\u001b[39m\n    \u001b[36m>\u001b[39m\n      \u001b[36m<div\u001b[39m\n        \u001b[33mclass\u001b[39m=\u001b[32m\"max-w-4xl mx-auto px-4 py-8\"\u001b[39m\n      \u001b[36m>\u001b[39m\n        \u001b[36m<button\u001b[39m\n          \u001b[33mclass\u001b[39m=\u001b[32m\"inline-flex items-center text-sm text-blue-600 hover:text-blue-800 transition-colors mb-6\"\u001b[39m\n          \u001b[33mtype\u001b[39m=\u001b[32m\"button\"\u001b[39m\n        \u001b[36m>\u001b[39m\n          \u001b[0m← Powrót do przesyłania\u001b[0m\n        \u001b[36m</button>\u001b[39m\n        \u001b[36m<div\u001b[39m\n          \u001b[33mclass\u001b[39m=\u001b[32m\"mb-8 text-center\"\u001b[39m\n        \u001b[36m>\u001b[39m\n          \u001b[36m<h1\u001b[39m\n            \u001b[33mclass\u001b[39m=\u001b[32m\"text-4xl font-bold text-gray-900 mb-2 flex items-center justify-center gap-2\"\u001b[39m\n          \u001b[36m>\u001b[39m\n            \u001b[36m<svg\u001b[39m\n              \u001b[33maria-hidden\u001b[39m=\u001b[32m\"true\"\u001b[39m\n              \u001b[33mclass\u001b[39m=\u001b[32m\"lucide lucide-shopping-bag h-10 w-10 text-blue-600\"\u001b[39m\n              \u001b[33mfill\u001b[39m=\u001b[32m\"none\"\u001b[39m\n              \u001b[33mheight\u001b[39m=\u001b[32m\"24\"\u001b[39m\n              \u001b[33mstroke\u001b[39m=\u001b[32m\"currentColor\"\u001b[39m\n              \u001b[33mstroke-linecap\u001b[39m=\u001b[32m\"round\"\u001b[39m\n              \u001b[33mstroke-linejoin\u001b[39m=\u001b[32m\"round\"\u001b[39m\n              \u001b[33mstroke-width\u001b[39m=\u001b[32m\"2\"\u001b[39m\n              \u001b[33mviewBox\u001b[39m=\u001b[32m\"0 0 24 24\"\u001b[39m\n              \u001b[33mwidth\u001b[39m=\u001b[32m\"24\"\u001b[39m\n              \u001b[33mxmlns\u001b[39m=\u001b[32m\"http://www.w3.org/2000/svg\"\u001b[39m\n            \u001b[36m>\u001b[39m\n              \u001b[36m<path\u001b[39m\n                \u001b[33md\u001b[39m=\u001b[32m\"M16 10a4 4 0 0 1-8 0\"\u001b[39m\n              \u001b[36m/>\u001b[39m\n              \u001b[36m<path\u001b[39m\n                \u001b[33md\u001b[39m=\u001b[32m\"M3.103 6.034h17.794\"\u001b[39m\n              \u001b[36m/>\u001b[39m\n              \u001b[36m<path\u001b[39m\n                \u001b[33md\u001b[39m=\u001b[32m\"M3.4 5.467a2 2 0 0 0-.4 1.2V20a2 2 0 0 0 2 2h14a2 2 0 0 0 2-2V6.667a2 2 0 0 0-.4-1.2l-2-2.667A2 2 0 0 0 17 2H7a2 2 0 0 0-1.6.8z\"\u001b[39m\n              \u001b[36m/>\u001b[39m\n            \u001b[36m</svg>\u001b[39m\n            \u001b[0mZamówienie\u001b[0m\n          \u001b[36m</h1>\u001b[39m\n          \u001b[36m<p\u001b[39m\n            \u001b[33mclass\u001b[39m=\u001b[32m\"text-lg text-gray-600\"\u001b[39m\n          \u001b[36m>\u001b[39m\n            \u001b[0mUzupełnij szczegóły zamówienia\u001b[0m\n          \u001b[36m</p>\u001b[39m\n        \u001b[36m</div>\u001b[39m\n        \u001b[36m<div\u001b[39m\n          \u001b[33mclass\u001b[39m=\u001b[32m\"ring-foreground/10 bg-card text-card-foreground gap-6 overflow-hidden rounded-xl py-4 text-sm shadow-xs ring-1 has-[>img:first-child]:pt-0 data-[size=sm]:gap-4 data-[size=sm]:py-3 *:[img:first-child]:rounded-t-xl *:[img:last-child]:rounded-b-xl group/card flex flex-col max-w-2xl mx-auto\"\u001b[39m\n          \u001b[33mdata-size\u001b[39m=\u001b[32m\"default\"\u001b[39m\n          \u001b[33mdata-slot\u001b[39m=\u001b[32m\"card\"\u001b[39m\n        \u001b[36m>\u001b[39m\n          \u001b[36m<div\u001b[39m\n            \u001b[33mclass\u001b[39m=\u001b[32m\"gap-1 rounded-t-xl px-6 group-data-[size=sm]/card:px-4 [.border-b]:pb-6 group-data-[size=sm]/card:[.border-b]:pb-4 group/card-header @container/card-header grid auto-rows-min items-start has-data-[slot=card-action]:grid-cols-[1fr_auto] has-data-[slot=card-description]:grid-rows-[auto_auto]\"\u001b[39m\n            \u001b[33mdata-slot\u001b[39m=\u001b[32m\"card-header\"\u001b[39m\n          \u001b[36m>\u001b[39m\n            \u001b[36m<div\u001b[39m\n              \u001b[33mclass\u001b[39m=\u001b[32m\"text-base leading-normal font-medium group-data-[size=sm]/card:text-sm\"\u001b[39m\n              \u001b[33mdata-slot\u001b[39m=\u001b[32m\"card-title\"\u001b[39m\n            \u001b[36m>\u001b[39m\n              \u001b[0mInformacje o wysyłce\u001b[0m\n            \u001b[36m</div>\u001b[39m\n          \u001b[36m</div>\u001b[39m\n          \u001b[36m<div\u001b[39m\n            \u001b[33mclass\u001b[39m=\u001b[32m\"px-6 group-data-[size=sm]/card:px-4\"\u001b[39m\n            \u001b[33mdata-slot\u001b[39m=\u001b[32m\"card-content\"\u001b[39m\n          \u001b[36m>\u001b[39m\n            \u001b[36m<form\u001b[39m\n              \u001b[33mclass\u001b[39m=\u001b[32m\"space-y-6\"\u001b[39m\n              \u001b[33mnovalidate\u001b[39m=\u001b[32m\"\"\u001b[39m\n            \u001b[36m>\u001b[39m\n              \u001b[36m<fieldset\u001b[39m\n                \u001b[33mclass\u001b[39m=\u001b[32m\"space-y-4\"\u001b[39m\n              \u001b[36m>\u001b[39m\n                \u001b[36m<legend\u001b[39m\n                  \u001b[33mclass\u001b[39m=\u001b[32m\"text-lg font-semibold text-gray-900 flex items-center gap-2 w-full\"\u001b[39m\n                \u001b[36m>\u001b[39m\n                  \u001b[36m<svg\u001b[39m\n                    \u001b[33maria-hidden\u001b[39m=\u001b[32m\"true\"\u001b[39m\n                    \u001b[33mclass\u001b[39m=\u001b[32m\"lucide lucide-user h-5 w-5 text-blue-600\"\u001b[39m\n                    \u001b[33mfill\u001b[39m=\u001b[32m\"none\"\u001b[39m\n                    \u001b[33mheight\u001b[39m=\u001b[32m\"24\"\u001b[39m\n                    \u001b[33mstroke\u001b[39m=\u001b[32m\"currentColor\"\u001b[39m\n                    \u001b[33mstroke-linecap\u001b[39m=\u001b[32m\"round\"\u001b[39m\n                    \u001b[33mstroke-linejoin\u001b[39m=\u001b[32m\"round\"\u001b[39m\n                    \u001b[33mstroke-width\u001b[39m=\u001b[32m\"2\"\u001b[39m\n                    \u001b[33mviewBox\u001b[39m=\u001b[32m\"0 0 24 24\"\u001b[39m\n                    \u001b[33mwidth\u001b[39m=\u001b[32m\"24\"\u001b[39m\n                    \u001b[33mxmlns\u001b[39m=\u001b[32m\"http://www.w3.org/2000/svg\"\u001b[39m\n                  \u001b[36m>\u001b[39m\n                    \u001b[36m<path\u001b[39m\n                      \u001b[33md\u001b[39m=\u001b[32m\"M19 21v-2a4 4 0 0 0-4-4H9a4 4 0 0 0-4 4v2\"\u001b[39m\n                    \u001b[36m/>\u001b[39m\n                    \u001b[36m<circle\u001b[39m\n                      \u001b[33mcx\u001b[39m=\u001b[32m\"12\"\u001b[39m\n                      \u001b[33mcy\u001b[39m=\u001b[32m\"7\"\u001b[39m\n                      \u001b[33mr\u001b[39m=\u001b[32m\"4\"\u001b[39m\n                    \u001b[36m/>\u001b[39m\n                  \u001b[36m</svg>\u001b[39m\n                  \u001b[0mInformacje osobowe\u001b[0m\n                \u001b[36m</legend>\u001b[39m\n                \u001b[36m<div\u001b[39m\n                  \u001b[33mclass\u001b[39m=\u001b[32m\"space-y-2\"\u001b[39m\n                \u001b[36m>\u001b[39m\n                  \u001b[36m<label\u001b[39m\n                    \u001b[33mclass\u001b[39m=\u001b[32m\"gap-2 text-sm leading-none font-medium group-data-[disabled=true]:opacity-50 peer-disabled:opacity-50 flex items-center select-none group-data-[disabled=true]:pointer-events-none peer-disabled:cursor-not-allowed\"\u001b[39m\n                    \u001b[33mdata-slot\u001b[39m=\u001b[32m\"label\"\u001b[39m\n                    \u001b[33mfor\u001b[39m=\u001b[32m\"name\"\u001b[39m\n                  \u001b[36m>\u001b[39m\n                    \u001b[0mImię i nazwisko *\u001b[0m\n                  \u001b[36m</label>\u001b[39m\n                  \u001b[36m<input\u001b[39m\n                    \u001b[33maria-invalid\u001b[39m=\u001b[32m\"false\"\u001b[39m\n                    \u001b[33maria-required\u001b[39m=\u001b[32m\"true\"\u001b[39m\n                    \u001b[33mautocomplete\u001b[39m=\u001b[32m\"name\"\u001b[39m\n                    \u001b[33mclass\u001b[39m=\u001b[32m\"dark:bg-input/30 border-input focus-visible:border-ring focus-visible:ring-ring/50 aria-invalid:ring-destructive/20 dark:aria-invalid:ring-destructive/40 aria-invalid:border-destructive dark:aria-invalid:border-destructive/50 h-9 rounded-md border bg-transparent px-2.5 py-1 text-base shadow-xs transition-[color,box-shadow] file:h-7 file:text-sm file:font-medium focus-visible:ring-3 aria-invalid:ring-3 md:text-sm file:text-foreground placeholder:text-muted-foreground min-w-0 outline-none file:inline-flex file:border-0 file:bg-transparent disabled:pointer-events-none disabled:cursor-not-allowed disabled:opacity-50 w-full\"\u001b[39m\n                    \u001b[33mdata-slot\u001b[39m=\u001b[32m\"input\"\u001b[39m\n                    \u001b[33mid\u001b[39m=\u001b[32m\"name\"\u001b[39m\n                    \u001b[33mname\u001b[39m=\u001b[32m\"name\"\u001b[39m\n                    \u001b[33...\n    at waitForWrapper (/home/jpietrzyk/dev/front/tuus-imago/node_modules/.pnpm/@testing-library+dom@10.4.1/node_modules/@testing-library/dom/dist/wait-for.js:163:27)\n    at /home/jpietrzyk/dev/front/tuus-imago/node_modules/.pnpm/@testing-library+dom@10.4.1/node_modules/@testing-library/dom/dist/query-helpers.js:86:33\n    at fillRequiredFields (/home/jpietrzyk/dev/front/tuus-imago/src/pages/checkout.test.tsx:70:20)\n    at /home/jpietrzyk/dev/front/tuus-imago/src/pages/checkout.test.tsx:293:5\n    at file:///home/jpietrzyk/dev/front/tuus-imago/node_modules/.pnpm/@vitest+runner@4.0.18/node_modules/@vitest/runner/dist/index.js:915:20"],"meta":{}},{"ancestorTitles":["CheckoutPage"],"fullName":"CheckoutPage renders uploaded slot images in order summary when passed via location state","status":"passed","title":"renders uploaded slot images in order summary when passed via location state","duration":154.06592199999795,"failureMessages":[],"meta":{}},{"ancestorTitles":["CheckoutPage"],"fullName":"CheckoutPage renders static order summary when no slots passed via location state","status":"passed","title":"renders static order summary when no slots passed via location state","duration":81.18116499999815,"failureMessages":[],"meta":{}},{"ancestorTitles":["CheckoutPage"],"fullName":"CheckoutPage renders total based on uploaded slot count","status":"passed","title":"renders total based on uploaded slot count","duration":91.44936199999938,"failureMessages":[],"meta":{}},{"ancestorTitles":["CheckoutPage"],"fullName":"CheckoutPage persists form data to sessionStorage on input change","status":"passed","title":"persists form data to sessionStorage on input change","duration":225.96338399999877,"failureMessages":[],"meta":{}},{"ancestorTitles":["CheckoutPage"],"fullName":"CheckoutPage restores form data from sessionStorage on mount","status":"passed","title":"restores form data from sessionStorage on mount","duration":73.91688200000135,"failureMessages":[],"meta":{}},{"ancestorTitles":["CheckoutPage"],"fullName":"CheckoutPage clears sessionStorage draft after successful order submission","status":"passed","title":"clears sessionStorage draft after successful order submission","duration":1577.5467769999996,"failureMessages":[],"meta":{}}],"startTime":1774339834299,"endTime":1774339852810.5469,"status":"failed","message":"","name":"/home/jpietrzyk/dev/front/tuus-imago/src/pages/checkout.test.tsx"}]}